Using pre-set license
Built from '2021.1/staging' branch; Version is '2021.1.7f1 (d91830b65d9b) revision 14227504'; Using compiler version '192528614'; Build Type 'Release'
OS: 'Windows 10 Pro; OS build 19042.1083; Version 2009; 64bit' Language: 'en' Physical Memory: 16333 MB
BatchMode: 1, IsHumanControllingUs: 0, StartBugReporterOnCrash: 0, Is64bit: 1, IsPro: 0

 COMMAND LINE ARGUMENTS:
C:\Program Files\Unity\2021.1.7f1\Editor\Unity.exe
-adb2
-batchMode
-noUpm
-name
AssetImportWorker0
-projectPath
D:/Files/Game Dev/Base-Build-Roguelike/BaseBuildRoguelike
-logFile
Logs/AssetImportWorker0.log
-srvPort
58965
Successfully changed project path to: D:/Files/Game Dev/Base-Build-Roguelike/BaseBuildRoguelike
D:/Files/Game Dev/Base-Build-Roguelike/BaseBuildRoguelike
Using Asset Import Pipeline V2.
Refreshing native plugins compatible for Editor in 150.08 ms, found 2 plugins.
Preloading 0 native plugins for Editor in 0.00 ms.
Initialize engine version: 2021.1.7f1 (d91830b65d9b)
[Subsystems] Discovering subsystems at path C:/Program Files/Unity/2021.1.7f1/Editor/Data/Resources/UnitySubsystems
[Subsystems] Discovering subsystems at path D:/Files/Game Dev/Base-Build-Roguelike/BaseBuildRoguelike/Assets
GfxDevice: creating device client; threaded=0; jobified=0
Direct3D:
    Version:  Direct3D 11.0 [level 11.1]
    Renderer: NVIDIA GeForce RTX 2060 (ID=0x1f08)
    Vendor:   NVIDIA
    VRAM:     5980 MB
    Driver:   27.21.14.5751
Initialize mono
Mono path[0] = 'C:/Program Files/Unity/2021.1.7f1/Editor/Data/Managed'
Mono path[1] = 'C:/Program Files/Unity/2021.1.7f1/Editor/Data/MonoBleedingEdge/lib/mono/unityjit'
Mono config path = 'C:/Program Files/Unity/2021.1.7f1/Editor/Data/MonoBleedingEdge/etc'
Using monoOptions --debugger-agent=transport=dt_socket,embedding=1,server=y,suspend=n,address=127.0.0.1:56912
Begin MonoManager ReloadAssembly
Registering precompiled unity dll's ...
Register platform support module: C:/Program Files/Unity/2021.1.7f1/Editor/Data/PlaybackEngines/WebGLSupport/UnityEditor.WebGL.Extensions.dll
Register platform support module: C:/Program Files/Unity/2021.1.7f1/Editor/Data/PlaybackEngines/MacStandaloneSupport/UnityEditor.OSXStandalone.Extensions.dll
Register platform support module: C:/Program Files/Unity/2021.1.7f1/Editor/Data/PlaybackEngines/WindowsStandaloneSupport/UnityEditor.WindowsStandalone.Extensions.dll
Register platform support module: C:/Program Files/Unity/2021.1.7f1/Editor/Data/PlaybackEngines/LinuxStandaloneSupport/UnityEditor.LinuxStandalone.Extensions.dll
Registered in 0.009421 seconds.
Native extension for LinuxStandalone target not found
Native extension for WindowsStandalone target not found
Native extension for OSXStandalone target not found
Native extension for WebGL target not found
Refreshing native plugins compatible for Editor in 148.71 ms, found 2 plugins.
Preloading 0 native plugins for Editor in 0.00 ms.
Mono: successfully reloaded assembly
- Completed reload, in  4.950 seconds
Platform modules already initialized, skipping
Registering precompiled user dll's ...
Registered in 0.005549 seconds.
Begin MonoManager ReloadAssembly
Symbol file LoadedFromMemory doesn't match image D:\Files\Game Dev\Base-Build-Roguelike\BaseBuildRoguelike\Library\PackageCache\com.unity.visualscripting@1.6.1\Editor\VisualScripting.Core\Dependencies\YamlDotNet\Unity.VisualScripting.YamlDotNet.dll
Symbol file LoadedFromMemory doesn't match image D:\Files\Game Dev\Base-Build-Roguelike\BaseBuildRoguelike\Library\PackageCache\com.unity.visualscripting@1.6.1\Editor\VisualScripting.Core\Dependencies\DotNetZip\Unity.VisualScripting.IonicZip.dll
Native extension for LinuxStandalone target not found
Native extension for WindowsStandalone target not found
Native extension for OSXStandalone target not found
Native extension for WebGL target not found
Refreshing native plugins compatible for Editor in 148.78 ms, found 2 plugins.
Preloading 0 native plugins for Editor in 0.00 ms.
Mono: successfully reloaded assembly
- Completed reload, in  1.836 seconds
Platform modules already initialized, skipping
========================================================================
Worker process is ready to serve import requests
Launched and connected shader compiler UnityShaderCompiler.exe after 0.09 seconds
Refreshing native plugins compatible for Editor in 1.07 ms, found 2 plugins.
Preloading 0 native plugins for Editor in 0.00 ms.
Unloading 3421 Unused Serialized files (Serialized files now loaded: 0)
System memory in use before: 129.3 MB.
System memory in use after: 129.3 MB.

Unloading 28 unused Assets to reduce memory usage. Loaded Objects now: 3876.
Total: 4.998200 ms (FindLiveObjects: 0.402300 ms CreateObjectMapping: 0.248100 ms MarkObjects: 4.183900 ms  DeleteObjects: 0.161000 ms)

========================================================================
Received Import Request.
  path: Assets/Prefabs/Worker.prefab
  artifactKey: Guid(8ab9b6d2894dcbf47a64f1b6be0fdb01) Importer(815301076,1909f56bfc062723c751e8b465ee728b)
Start importing Assets/Prefabs/Worker.prefab using Guid(8ab9b6d2894dcbf47a64f1b6be0fdb01) Importer(815301076,1909f56bfc062723c751e8b465ee728b)  -> (artifact id: '40900f5fa033252ca8a63c20d621e267') in 0.183055 seconds 
========================================================================
Received Import Request.
  Time since last request: 0.000409 seconds.
  path: Assets/Prefabs/Soldier.prefab
  artifactKey: Guid(66d071f54f729b348a98537df379fa2e) Importer(815301076,1909f56bfc062723c751e8b465ee728b)
Start importing Assets/Prefabs/Soldier.prefab using Guid(66d071f54f729b348a98537df379fa2e) Importer(815301076,1909f56bfc062723c751e8b465ee728b)  -> (artifact id: '3330d8c8c74bca0466e636afb0f20eef') in 0.049985 seconds 
========================================================================
Received Import Request.
  Time since last request: 0.000272 seconds.
  path: Assets/Prefabs/Archer.prefab
  artifactKey: Guid(aa27a70a0b3e25b469136317101ae80d) Importer(815301076,1909f56bfc062723c751e8b465ee728b)
Start importing Assets/Prefabs/Archer.prefab using Guid(aa27a70a0b3e25b469136317101ae80d) Importer(815301076,1909f56bfc062723c751e8b465ee728b)  -> (artifact id: '5822d6a95bcd195ace0b6712589372e5') in 0.035450 seconds 
========================================================================
Received Prepare
Registering precompiled user dll's ...
Registered in 0.013261 seconds.
Begin MonoManager ReloadAssembly
Symbol file LoadedFromMemory doesn't match image D:\Files\Game Dev\Base-Build-Roguelike\BaseBuildRoguelike\Library\PackageCache\com.unity.visualscripting@1.6.1\Editor\VisualScripting.Core\Dependencies\YamlDotNet\Unity.VisualScripting.YamlDotNet.dll
Symbol file LoadedFromMemory doesn't match image D:\Files\Game Dev\Base-Build-Roguelike\BaseBuildRoguelike\Library\PackageCache\com.unity.visualscripting@1.6.1\Editor\VisualScripting.Core\Dependencies\DotNetZip\Unity.VisualScripting.IonicZip.dll
Native extension for LinuxStandalone target not found
Native extension for WindowsStandalone target not found
Native extension for OSXStandalone target not found
Native extension for WebGL target not found
Refreshing native plugins compatible for Editor in 1.02 ms, found 2 plugins.
Preloading 0 native plugins for Editor in 0.00 ms.
Mono: successfully reloaded assembly
- Completed reload, in  1.909 seconds
Platform modules already initialized, skipping
Refreshing native plugins compatible for Editor in 0.78 ms, found 2 plugins.
Preloading 0 native plugins for Editor in 0.00 ms.
Unloading 3416 Unused Serialized files (Serialized files now loaded: 0)
System memory in use before: 133.4 MB.
System memory in use after: 133.5 MB.

Unloading 16 unused Assets to reduce memory usage. Loaded Objects now: 3887.
Total: 3.312600 ms (FindLiveObjects: 0.284500 ms CreateObjectMapping: 0.148700 ms MarkObjects: 2.377900 ms  DeleteObjects: 0.499700 ms)

========================================================================
Received Prepare
Registering precompiled user dll's ...
Registered in 0.005840 seconds.
Begin MonoManager ReloadAssembly
Symbol file LoadedFromMemory doesn't match image D:\Files\Game Dev\Base-Build-Roguelike\BaseBuildRoguelike\Library\PackageCache\com.unity.visualscripting@1.6.1\Editor\VisualScripting.Core\Dependencies\YamlDotNet\Unity.VisualScripting.YamlDotNet.dll
Symbol file LoadedFromMemory doesn't match image D:\Files\Game Dev\Base-Build-Roguelike\BaseBuildRoguelike\Library\PackageCache\com.unity.visualscripting@1.6.1\Editor\VisualScripting.Core\Dependencies\DotNetZip\Unity.VisualScripting.IonicZip.dll
Native extension for LinuxStandalone target not found
Native extension for WindowsStandalone target not found
Native extension for OSXStandalone target not found
Native extension for WebGL target not found
Refreshing native plugins compatible for Editor in 0.97 ms, found 2 plugins.
Preloading 0 native plugins for Editor in 0.00 ms.
Mono: successfully reloaded assembly
- Completed reload, in  2.192 seconds
Platform modules already initialized, skipping
Refreshing native plugins compatible for Editor in 0.76 ms, found 2 plugins.
Preloading 0 native plugins for Editor in 0.00 ms.
Unloading 3416 Unused Serialized files (Serialized files now loaded: 0)
System memory in use before: 133.5 MB.
System memory in use after: 133.6 MB.

Unloading 16 unused Assets to reduce memory usage. Loaded Objects now: 3891.
Total: 3.243000 ms (FindLiveObjects: 0.288700 ms CreateObjectMapping: 0.149900 ms MarkObjects: 2.680300 ms  DeleteObjects: 0.122400 ms)

========================================================================
Received Prepare
Registering precompiled user dll's ...
Registered in 0.008752 seconds.
Begin MonoManager ReloadAssembly
Symbol file LoadedFromMemory doesn't match image D:\Files\Game Dev\Base-Build-Roguelike\BaseBuildRoguelike\Library\PackageCache\com.unity.visualscripting@1.6.1\Editor\VisualScripting.Core\Dependencies\YamlDotNet\Unity.VisualScripting.YamlDotNet.dll
Symbol file LoadedFromMemory doesn't match image D:\Files\Game Dev\Base-Build-Roguelike\BaseBuildRoguelike\Library\PackageCache\com.unity.visualscripting@1.6.1\Editor\VisualScripting.Core\Dependencies\DotNetZip\Unity.VisualScripting.IonicZip.dll
Native extension for LinuxStandalone target not found
Native extension for WindowsStandalone target not found
Native extension for OSXStandalone target not found
Native extension for WebGL target not found
Refreshing native plugins compatible for Editor in 0.78 ms, found 2 plugins.
Preloading 0 native plugins for Editor in 0.00 ms.
Mono: successfully reloaded assembly
- Completed reload, in  1.544 seconds
Platform modules already initialized, skipping
Refreshing native plugins compatible for Editor in 0.80 ms, found 2 plugins.
Preloading 0 native plugins for Editor in 0.00 ms.
Unloading 3416 Unused Serialized files (Serialized files now loaded: 0)
System memory in use before: 133.5 MB.
System memory in use after: 133.6 MB.

Unloading 16 unused Assets to reduce memory usage. Loaded Objects now: 3895.
Total: 2.896400 ms (FindLiveObjects: 0.331200 ms CreateObjectMapping: 0.146000 ms MarkObjects: 2.298400 ms  DeleteObjects: 0.119400 ms)

========================================================================
Received Prepare
Registering precompiled user dll's ...
Registered in 0.009768 seconds.
Begin MonoManager ReloadAssembly
Symbol file LoadedFromMemory doesn't match image D:\Files\Game Dev\Base-Build-Roguelike\BaseBuildRoguelike\Library\PackageCache\com.unity.visualscripting@1.6.1\Editor\VisualScripting.Core\Dependencies\YamlDotNet\Unity.VisualScripting.YamlDotNet.dll
Symbol file LoadedFromMemory doesn't match image D:\Files\Game Dev\Base-Build-Roguelike\BaseBuildRoguelike\Library\PackageCache\com.unity.visualscripting@1.6.1\Editor\VisualScripting.Core\Dependencies\DotNetZip\Unity.VisualScripting.IonicZip.dll
Native extension for LinuxStandalone target not found
Native extension for WindowsStandalone target not found
Native extension for OSXStandalone target not found
Native extension for WebGL target not found
Refreshing native plugins compatible for Editor in 1.63 ms, found 2 plugins.
Preloading 0 native plugins for Editor in 0.00 ms.
Mono: successfully reloaded assembly
- Completed reload, in  3.743 seconds
Platform modules already initialized, skipping
Refreshing native plugins compatible for Editor in 1.13 ms, found 2 plugins.
Preloading 0 native plugins for Editor in 0.00 ms.
Unloading 3416 Unused Serialized files (Serialized files now loaded: 0)
System memory in use before: 133.5 MB.
System memory in use after: 133.6 MB.

Unloading 16 unused Assets to reduce memory usage. Loaded Objects now: 3899.
Total: 16.628000 ms (FindLiveObjects: 0.495000 ms CreateObjectMapping: 0.208900 ms MarkObjects: 15.761400 ms  DeleteObjects: 0.160100 ms)

========================================================================
Received Prepare
Registering precompiled user dll's ...
Registered in 0.012225 seconds.
Begin MonoManager ReloadAssembly
Symbol file LoadedFromMemory doesn't match image D:\Files\Game Dev\Base-Build-Roguelike\BaseBuildRoguelike\Library\PackageCache\com.unity.visualscripting@1.6.1\Editor\VisualScripting.Core\Dependencies\YamlDotNet\Unity.VisualScripting.YamlDotNet.dll
Symbol file LoadedFromMemory doesn't match image D:\Files\Game Dev\Base-Build-Roguelike\BaseBuildRoguelike\Library\PackageCache\com.unity.visualscripting@1.6.1\Editor\VisualScripting.Core\Dependencies\DotNetZip\Unity.VisualScripting.IonicZip.dll
Native extension for LinuxStandalone target not found
Native extension for WindowsStandalone target not found
Native extension for OSXStandalone target not found
Native extension for WebGL target not found
Refreshing native plugins compatible for Editor in 0.77 ms, found 2 plugins.
Preloading 0 native plugins for Editor in 0.00 ms.
Mono: successfully reloaded assembly
- Completed reload, in  1.583 seconds
Platform modules already initialized, skipping
Refreshing native plugins compatible for Editor in 0.76 ms, found 2 plugins.
Preloading 0 native plugins for Editor in 0.00 ms.
Unloading 3416 Unused Serialized files (Serialized files now loaded: 0)
System memory in use before: 133.6 MB.
System memory in use after: 133.7 MB.

Unloading 16 unused Assets to reduce memory usage. Loaded Objects now: 3903.
Total: 4.352300 ms (FindLiveObjects: 0.271900 ms CreateObjectMapping: 0.139800 ms MarkObjects: 3.812300 ms  DeleteObjects: 0.126600 ms)

========================================================================
Received Prepare
Registering precompiled user dll's ...
Registered in 0.023915 seconds.
Begin MonoManager ReloadAssembly
Symbol file LoadedFromMemory doesn't match image D:\Files\Game Dev\Base-Build-Roguelike\BaseBuildRoguelike\Library\PackageCache\com.unity.visualscripting@1.6.1\Editor\VisualScripting.Core\Dependencies\YamlDotNet\Unity.VisualScripting.YamlDotNet.dll
Symbol file LoadedFromMemory doesn't match image D:\Files\Game Dev\Base-Build-Roguelike\BaseBuildRoguelike\Library\PackageCache\com.unity.visualscripting@1.6.1\Editor\VisualScripting.Core\Dependencies\DotNetZip\Unity.VisualScripting.IonicZip.dll
Native extension for LinuxStandalone target not found
Native extension for WindowsStandalone target not found
Native extension for OSXStandalone target not found
Native extension for WebGL target not found
Refreshing native plugins compatible for Editor in 0.79 ms, found 2 plugins.
Preloading 0 native plugins for Editor in 0.00 ms.
Mono: successfully reloaded assembly
- Completed reload, in  1.710 seconds
Platform modules already initialized, skipping
Refreshing native plugins compatible for Editor in 0.81 ms, found 2 plugins.
Preloading 0 native plugins for Editor in 0.00 ms.
Unloading 3416 Unused Serialized files (Serialized files now loaded: 0)
System memory in use before: 133.6 MB.
System memory in use after: 133.7 MB.

Unloading 16 unused Assets to reduce memory usage. Loaded Objects now: 3907.
Total: 4.485600 ms (FindLiveObjects: 0.448100 ms CreateObjectMapping: 0.375100 ms MarkObjects: 3.512800 ms  DeleteObjects: 0.147800 ms)

========================================================================
Received Import Request.
  Time since last request: 316.227921 seconds.
  path: Assets/Prefabs/Archer.prefab
  artifactKey: Guid(aa27a70a0b3e25b469136317101ae80d) Importer(815301076,1909f56bfc062723c751e8b465ee728b)
Start importing Assets/Prefabs/Archer.prefab using Guid(aa27a70a0b3e25b469136317101ae80d) Importer(815301076,1909f56bfc062723c751e8b465ee728b)  -> (artifact id: 'c493e5fef23d1a2b37fd9e4420013995') in 0.114634 seconds 
========================================================================
Received Prepare
Registering precompiled user dll's ...
Registered in 0.005346 seconds.
Begin MonoManager ReloadAssembly
Symbol file LoadedFromMemory doesn't match image D:\Files\Game Dev\Base-Build-Roguelike\BaseBuildRoguelike\Library\PackageCache\com.unity.visualscripting@1.6.1\Editor\VisualScripting.Core\Dependencies\YamlDotNet\Unity.VisualScripting.YamlDotNet.dll
Symbol file LoadedFromMemory doesn't match image D:\Files\Game Dev\Base-Build-Roguelike\BaseBuildRoguelike\Library\PackageCache\com.unity.visualscripting@1.6.1\Editor\VisualScripting.Core\Dependencies\DotNetZip\Unity.VisualScripting.IonicZip.dll
Native extension for LinuxStandalone target not found
Native extension for WindowsStandalone target not found
Native extension for OSXStandalone target not found
Native extension for WebGL target not found
Refreshing native plugins compatible for Editor in 1.10 ms, found 2 plugins.
Preloading 0 native plugins for Editor in 0.00 ms.
Mono: successfully reloaded assembly
- Completed reload, in  1.559 seconds
Platform modules already initialized, skipping
Refreshing native plugins compatible for Editor in 1.20 ms, found 2 plugins.
Preloading 0 native plugins for Editor in 0.00 ms.
Unloading 3416 Unused Serialized files (Serialized files now loaded: 0)
System memory in use before: 133.6 MB.
System memory in use after: 133.7 MB.

Unloading 16 unused Assets to reduce memory usage. Loaded Objects now: 3912.
Total: 3.339800 ms (FindLiveObjects: 0.370000 ms CreateObjectMapping: 0.291100 ms MarkObjects: 2.553800 ms  DeleteObjects: 0.123400 ms)

========================================================================
Received Prepare
Registering precompiled user dll's ...
Registered in 0.011409 seconds.
Begin MonoManager ReloadAssembly
Symbol file LoadedFromMemory doesn't match image D:\Files\Game Dev\Base-Build-Roguelike\BaseBuildRoguelike\Library\PackageCache\com.unity.visualscripting@1.6.1\Editor\VisualScripting.Core\Dependencies\YamlDotNet\Unity.VisualScripting.YamlDotNet.dll
Symbol file LoadedFromMemory doesn't match image D:\Files\Game Dev\Base-Build-Roguelike\BaseBuildRoguelike\Library\PackageCache\com.unity.visualscripting@1.6.1\Editor\VisualScripting.Core\Dependencies\DotNetZip\Unity.VisualScripting.IonicZip.dll
Native extension for LinuxStandalone target not found
Native extension for WindowsStandalone target not found
Native extension for OSXStandalone target not found
Native extension for WebGL target not found
Refreshing native plugins compatible for Editor in 0.84 ms, found 2 plugins.
Preloading 0 native plugins for Editor in 0.00 ms.
Mono: successfully reloaded assembly
- Completed reload, in  3.096 seconds
Platform modules already initialized, skipping
Refreshing native plugins compatible for Editor in 0.78 ms, found 2 plugins.
Preloading 0 native plugins for Editor in 0.00 ms.
Unloading 3416 Unused Serialized files (Serialized files now loaded: 0)
System memory in use before: 133.6 MB.
System memory in use after: 133.7 MB.

Unloading 16 unused Assets to reduce memory usage. Loaded Objects now: 3916.
Total: 3.186200 ms (FindLiveObjects: 0.284200 ms CreateObjectMapping: 0.152100 ms MarkObjects: 2.627000 ms  DeleteObjects: 0.120700 ms)

========================================================================
Received Import Request.
  Time since last request: 91.387662 seconds.
  path: Assets/Prefabs/Archer.prefab
  artifactKey: Guid(aa27a70a0b3e25b469136317101ae80d) Importer(815301076,1909f56bfc062723c751e8b465ee728b)
Start importing Assets/Prefabs/Archer.prefab using Guid(aa27a70a0b3e25b469136317101ae80d) Importer(815301076,1909f56bfc062723c751e8b465ee728b)  -> (artifact id: '49a2847bdaa070e66e8c15d487ac7bac') in 0.260971 seconds 
========================================================================
Received Prepare
Registering precompiled user dll's ...
Registered in 0.008670 seconds.
Begin MonoManager ReloadAssembly
Symbol file LoadedFromMemory doesn't match image D:\Files\Game Dev\Base-Build-Roguelike\BaseBuildRoguelike\Library\PackageCache\com.unity.visualscripting@1.6.1\Editor\VisualScripting.Core\Dependencies\YamlDotNet\Unity.VisualScripting.YamlDotNet.dll
Symbol file LoadedFromMemory doesn't match image D:\Files\Game Dev\Base-Build-Roguelike\BaseBuildRoguelike\Library\PackageCache\com.unity.visualscripting@1.6.1\Editor\VisualScripting.Core\Dependencies\DotNetZip\Unity.VisualScripting.IonicZip.dll
Native extension for LinuxStandalone target not found
Native extension for WindowsStandalone target not found
Native extension for OSXStandalone target not found
Native extension for WebGL target not found
Refreshing native plugins compatible for Editor in 1.61 ms, found 2 plugins.
Preloading 0 native plugins for Editor in 0.00 ms.
Mono: successfully reloaded assembly
- Completed reload, in  1.997 seconds
Platform modules already initialized, skipping
Refreshing native plugins compatible for Editor in 0.81 ms, found 2 plugins.
Preloading 0 native plugins for Editor in 0.00 ms.
Unloading 3416 Unused Serialized files (Serialized files now loaded: 0)
System memory in use before: 133.6 MB.
System memory in use after: 133.7 MB.

Unloading 16 unused Assets to reduce memory usage. Loaded Objects now: 3921.
Total: 5.275600 ms (FindLiveObjects: 0.295400 ms CreateObjectMapping: 0.150700 ms MarkObjects: 4.704000 ms  DeleteObjects: 0.123300 ms)

========================================================================
Received Import Request.
  Time since last request: 43.433122 seconds.
  path: Assets/Prefabs/Archer.prefab
  artifactKey: Guid(aa27a70a0b3e25b469136317101ae80d) Importer(815301076,1909f56bfc062723c751e8b465ee728b)
Start importing Assets/Prefabs/Archer.prefab using Guid(aa27a70a0b3e25b469136317101ae80d) Importer(815301076,1909f56bfc062723c751e8b465ee728b)  -> (artifact id: '3f8326e9def55038a533364fc5871f2b') in 0.139014 seconds 
========================================================================
Received Prepare
Registering precompiled user dll's ...
Registered in 0.005494 seconds.
Begin MonoManager ReloadAssembly
Symbol file LoadedFromMemory doesn't match image D:\Files\Game Dev\Base-Build-Roguelike\BaseBuildRoguelike\Library\PackageCache\com.unity.visualscripting@1.6.1\Editor\VisualScripting.Core\Dependencies\YamlDotNet\Unity.VisualScripting.YamlDotNet.dll
Symbol file LoadedFromMemory doesn't match image D:\Files\Game Dev\Base-Build-Roguelike\BaseBuildRoguelike\Library\PackageCache\com.unity.visualscripting@1.6.1\Editor\VisualScripting.Core\Dependencies\DotNetZip\Unity.VisualScripting.IonicZip.dll
Native extension for LinuxStandalone target not found
Native extension for WindowsStandalone target not found
Native extension for OSXStandalone target not found
Native extension for WebGL target not found
Refreshing native plugins compatible for Editor in 0.77 ms, found 2 plugins.
Preloading 0 native plugins for Editor in 0.00 ms.
Mono: successfully reloaded assembly
- Completed reload, in  1.473 seconds
Platform modules already initialized, skipping
Refreshing native plugins compatible for Editor in 0.78 ms, found 2 plugins.
Preloading 0 native plugins for Editor in 0.00 ms.
Unloading 3416 Unused Serialized files (Serialized files now loaded: 0)
System memory in use before: 133.6 MB.
System memory in use after: 133.7 MB.

Unloading 16 unused Assets to reduce memory usage. Loaded Objects now: 3926.
Total: 2.801900 ms (FindLiveObjects: 0.281200 ms CreateObjectMapping: 0.145400 ms MarkObjects: 2.243500 ms  DeleteObjects: 0.130500 ms)

========================================================================
Received Prepare
Registering precompiled user dll's ...
Registered in 0.005704 seconds.
Begin MonoManager ReloadAssembly
Symbol file LoadedFromMemory doesn't match image D:\Files\Game Dev\Base-Build-Roguelike\BaseBuildRoguelike\Library\PackageCache\com.unity.visualscripting@1.6.1\Editor\VisualScripting.Core\Dependencies\YamlDotNet\Unity.VisualScripting.YamlDotNet.dll
Symbol file LoadedFromMemory doesn't match image D:\Files\Game Dev\Base-Build-Roguelike\BaseBuildRoguelike\Library\PackageCache\com.unity.visualscripting@1.6.1\Editor\VisualScripting.Core\Dependencies\DotNetZip\Unity.VisualScripting.IonicZip.dll
Native extension for LinuxStandalone target not found
Native extension for WindowsStandalone target not found
Native extension for OSXStandalone target not found
Native extension for WebGL target not found
Refreshing native plugins compatible for Editor in 0.77 ms, found 2 plugins.
Preloading 0 native plugins for Editor in 0.00 ms.
Mono: successfully reloaded assembly
- Completed reload, in  1.665 seconds
Platform modules already initialized, skipping
Refreshing native plugins compatible for Editor in 0.77 ms, found 2 plugins.
Preloading 0 native plugins for Editor in 0.00 ms.
Unloading 3416 Unused Serialized files (Serialized files now loaded: 0)
System memory in use before: 133.7 MB.
System memory in use after: 133.8 MB.

Unloading 16 unused Assets to reduce memory usage. Loaded Objects now: 3930.
Total: 2.807600 ms (FindLiveObjects: 0.279600 ms CreateObjectMapping: 0.154500 ms MarkObjects: 2.252300 ms  DeleteObjects: 0.119500 ms)

========================================================================
Received Prepare
Registering precompiled user dll's ...
Registered in 0.005374 seconds.
Begin MonoManager ReloadAssembly
Symbol file LoadedFromMemory doesn't match image D:\Files\Game Dev\Base-Build-Roguelike\BaseBuildRoguelike\Library\PackageCache\com.unity.visualscripting@1.6.1\Editor\VisualScripting.Core\Dependencies\YamlDotNet\Unity.VisualScripting.YamlDotNet.dll
Symbol file LoadedFromMemory doesn't match image D:\Files\Game Dev\Base-Build-Roguelike\BaseBuildRoguelike\Library\PackageCache\com.unity.visualscripting@1.6.1\Editor\VisualScripting.Core\Dependencies\DotNetZip\Unity.VisualScripting.IonicZip.dll
Native extension for LinuxStandalone target not found
Native extension for WindowsStandalone target not found
Native extension for OSXStandalone target not found
Native extension for WebGL target not found
Refreshing native plugins compatible for Editor in 6.28 ms, found 2 plugins.
Preloading 0 native plugins for Editor in 0.00 ms.
Mono: successfully reloaded assembly
- Completed reload, in  1.695 seconds
Platform modules already initialized, skipping
Refreshing native plugins compatible for Editor in 0.89 ms, found 2 plugins.
Preloading 0 native plugins for Editor in 0.00 ms.
Unloading 3416 Unused Serialized files (Serialized files now loaded: 0)
System memory in use before: 133.7 MB.
System memory in use after: 133.8 MB.

Unloading 16 unused Assets to reduce memory usage. Loaded Objects now: 3934.
Total: 3.925600 ms (FindLiveObjects: 0.365100 ms CreateObjectMapping: 0.188200 ms MarkObjects: 3.238100 ms  DeleteObjects: 0.132200 ms)

========================================================================
Received Prepare
Registering precompiled user dll's ...
Registered in 0.006031 seconds.
Begin MonoManager ReloadAssembly
Symbol file LoadedFromMemory doesn't match image D:\Files\Game Dev\Base-Build-Roguelike\BaseBuildRoguelike\Library\PackageCache\com.unity.visualscripting@1.6.1\Editor\VisualScripting.Core\Dependencies\YamlDotNet\Unity.VisualScripting.YamlDotNet.dll
Symbol file LoadedFromMemory doesn't match image D:\Files\Game Dev\Base-Build-Roguelike\BaseBuildRoguelike\Library\PackageCache\com.unity.visualscripting@1.6.1\Editor\VisualScripting.Core\Dependencies\DotNetZip\Unity.VisualScripting.IonicZip.dll
Native extension for LinuxStandalone target not found
Native extension for WindowsStandalone target not found
Native extension for OSXStandalone target not found
Native extension for WebGL target not found
Refreshing native plugins compatible for Editor in 0.88 ms, found 2 plugins.
Preloading 0 native plugins for Editor in 0.00 ms.
Mono: successfully reloaded assembly
- Completed reload, in  1.461 seconds
Platform modules already initialized, skipping
Refreshing native plugins compatible for Editor in 0.77 ms, found 2 plugins.
Preloading 0 native plugins for Editor in 0.00 ms.
Unloading 3416 Unused Serialized files (Serialized files now loaded: 0)
System memory in use before: 133.7 MB.
System memory in use after: 133.8 MB.

Unloading 16 unused Assets to reduce memory usage. Loaded Objects now: 3938.
Total: 2.918100 ms (FindLiveObjects: 0.282600 ms CreateObjectMapping: 0.140900 ms MarkObjects: 2.361700 ms  DeleteObjects: 0.131400 ms)

========================================================================
Received Prepare
Registering precompiled user dll's ...
Registered in 0.005881 seconds.
Begin MonoManager ReloadAssembly
Symbol file LoadedFromMemory doesn't match image D:\Files\Game Dev\Base-Build-Roguelike\BaseBuildRoguelike\Library\PackageCache\com.unity.visualscripting@1.6.1\Editor\VisualScripting.Core\Dependencies\YamlDotNet\Unity.VisualScripting.YamlDotNet.dll
Symbol file LoadedFromMemory doesn't match image D:\Files\Game Dev\Base-Build-Roguelike\BaseBuildRoguelike\Library\PackageCache\com.unity.visualscripting@1.6.1\Editor\VisualScripting.Core\Dependencies\DotNetZip\Unity.VisualScripting.IonicZip.dll
Native extension for LinuxStandalone target not found
Native extension for WindowsStandalone target not found
Native extension for OSXStandalone target not found
Native extension for WebGL target not found
Refreshing native plugins compatible for Editor in 1.26 ms, found 2 plugins.
Preloading 0 native plugins for Editor in 0.00 ms.
Mono: successfully reloaded assembly
- Completed reload, in  2.477 seconds
Platform modules already initialized, skipping
Refreshing native plugins compatible for Editor in 0.99 ms, found 2 plugins.
Preloading 0 native plugins for Editor in 0.00 ms.
Unloading 3416 Unused Serialized files (Serialized files now loaded: 0)
System memory in use before: 133.7 MB.
System memory in use after: 133.8 MB.

Unloading 16 unused Assets to reduce memory usage. Loaded Objects now: 3942.
Total: 7.612500 ms (FindLiveObjects: 3.984300 ms CreateObjectMapping: 0.368900 ms MarkObjects: 3.123500 ms  DeleteObjects: 0.133200 ms)

========================================================================
Received Prepare
Registering precompiled user dll's ...
Registered in 0.005218 seconds.
Begin MonoManager ReloadAssembly
Symbol file LoadedFromMemory doesn't match image D:\Files\Game Dev\Base-Build-Roguelike\BaseBuildRoguelike\Library\PackageCache\com.unity.visualscripting@1.6.1\Editor\VisualScripting.Core\Dependencies\YamlDotNet\Unity.VisualScripting.YamlDotNet.dll
Symbol file LoadedFromMemory doesn't match image D:\Files\Game Dev\Base-Build-Roguelike\BaseBuildRoguelike\Library\PackageCache\com.unity.visualscripting@1.6.1\Editor\VisualScripting.Core\Dependencies\DotNetZip\Unity.VisualScripting.IonicZip.dll
Native extension for LinuxStandalone target not found
Native extension for WindowsStandalone target not found
Native extension for OSXStandalone target not found
Native extension for WebGL target not found
Refreshing native plugins compatible for Editor in 1.24 ms, found 2 plugins.
Preloading 0 native plugins for Editor in 0.00 ms.
Mono: successfully reloaded assembly
- Completed reload, in  1.784 seconds
Platform modules already initialized, skipping
Refreshing native plugins compatible for Editor in 0.98 ms, found 2 plugins.
Preloading 0 native plugins for Editor in 0.00 ms.
Unloading 3416 Unused Serialized files (Serialized files now loaded: 0)
System memory in use before: 133.7 MB.
System memory in use after: 133.8 MB.

Unloading 16 unused Assets to reduce memory usage. Loaded Objects now: 3946.
Total: 2.813400 ms (FindLiveObjects: 0.290000 ms CreateObjectMapping: 0.145800 ms MarkObjects: 2.248900 ms  DeleteObjects: 0.127000 ms)

========================================================================
Received Prepare
Registering precompiled user dll's ...
Registered in 0.019882 seconds.
Begin MonoManager ReloadAssembly
Symbol file LoadedFromMemory doesn't match image D:\Files\Game Dev\Base-Build-Roguelike\BaseBuildRoguelike\Library\PackageCache\com.unity.visualscripting@1.6.1\Editor\VisualScripting.Core\Dependencies\YamlDotNet\Unity.VisualScripting.YamlDotNet.dll
Symbol file LoadedFromMemory doesn't match image D:\Files\Game Dev\Base-Build-Roguelike\BaseBuildRoguelike\Library\PackageCache\com.unity.visualscripting@1.6.1\Editor\VisualScripting.Core\Dependencies\DotNetZip\Unity.VisualScripting.IonicZip.dll
Native extension for LinuxStandalone target not found
Native extension for WindowsStandalone target not found
Native extension for OSXStandalone target not found
Native extension for WebGL target not found
Refreshing native plugins compatible for Editor in 0.79 ms, found 2 plugins.
Preloading 0 native plugins for Editor in 0.00 ms.
Mono: successfully reloaded assembly
- Completed reload, in  1.514 seconds
Platform modules already initialized, skipping
Refreshing native plugins compatible for Editor in 0.78 ms, found 2 plugins.
Preloading 0 native plugins for Editor in 0.00 ms.
Unloading 3416 Unused Serialized files (Serialized files now loaded: 0)
System memory in use before: 133.7 MB.
System memory in use after: 133.8 MB.

Unloading 16 unused Assets to reduce memory usage. Loaded Objects now: 3950.
Total: 2.845900 ms (FindLiveObjects: 0.278600 ms CreateObjectMapping: 0.142300 ms MarkObjects: 2.285000 ms  DeleteObjects: 0.138700 ms)

========================================================================
Received Prepare
Registering precompiled user dll's ...
Registered in 0.210279 seconds.
Begin MonoManager ReloadAssembly
Symbol file LoadedFromMemory doesn't match image D:\Files\Game Dev\Base-Build-Roguelike\BaseBuildRoguelike\Library\PackageCache\com.unity.visualscripting@1.6.1\Editor\VisualScripting.Core\Dependencies\YamlDotNet\Unity.VisualScripting.YamlDotNet.dll
Symbol file LoadedFromMemory doesn't match image D:\Files\Game Dev\Base-Build-Roguelike\BaseBuildRoguelike\Library\PackageCache\com.unity.visualscripting@1.6.1\Editor\VisualScripting.Core\Dependencies\DotNetZip\Unity.VisualScripting.IonicZip.dll
Native extension for LinuxStandalone target not found
Native extension for WindowsStandalone target not found
Native extension for OSXStandalone target not found
Native extension for WebGL target not found
Refreshing native plugins compatible for Editor in 0.91 ms, found 2 plugins.
Preloading 0 native plugins for Editor in 0.00 ms.
Mono: successfully reloaded assembly
- Completed reload, in  1.351 seconds
Platform modules already initialized, skipping
Refreshing native plugins compatible for Editor in 0.77 ms, found 2 plugins.
Preloading 0 native plugins for Editor in 0.00 ms.
Unloading 3416 Unused Serialized files (Serialized files now loaded: 0)
System memory in use before: 133.7 MB.
System memory in use after: 133.8 MB.

Unloading 16 unused Assets to reduce memory usage. Loaded Objects now: 3954.
Total: 2.948600 ms (FindLiveObjects: 0.279300 ms CreateObjectMapping: 0.143600 ms MarkObjects: 2.395200 ms  DeleteObjects: 0.129100 ms)

========================================================================
Received Prepare
Registering precompiled user dll's ...
Registered in 0.006261 seconds.
Begin MonoManager ReloadAssembly
Symbol file LoadedFromMemory doesn't match image D:\Files\Game Dev\Base-Build-Roguelike\BaseBuildRoguelike\Library\PackageCache\com.unity.visualscripting@1.6.1\Editor\VisualScripting.Core\Dependencies\YamlDotNet\Unity.VisualScripting.YamlDotNet.dll
Symbol file LoadedFromMemory doesn't match image D:\Files\Game Dev\Base-Build-Roguelike\BaseBuildRoguelike\Library\PackageCache\com.unity.visualscripting@1.6.1\Editor\VisualScripting.Core\Dependencies\DotNetZip\Unity.VisualScripting.IonicZip.dll
Native extension for LinuxStandalone target not found
Native extension for WindowsStandalone target not found
Native extension for OSXStandalone target not found
Native extension for WebGL target not found
Refreshing native plugins compatible for Editor in 0.77 ms, found 2 plugins.
Preloading 0 native plugins for Editor in 0.00 ms.
Mono: successfully reloaded assembly
- Completed reload, in  1.553 seconds
Platform modules already initialized, skipping
Refreshing native plugins compatible for Editor in 0.80 ms, found 2 plugins.
Preloading 0 native plugins for Editor in 0.00 ms.
Unloading 3416 Unused Serialized files (Serialized files now loaded: 0)
System memory in use before: 133.7 MB.
System memory in use after: 133.8 MB.

Unloading 16 unused Assets to reduce memory usage. Loaded Objects now: 3958.
Total: 3.695700 ms (FindLiveObjects: 0.371400 ms CreateObjectMapping: 0.339300 ms MarkObjects: 2.832700 ms  DeleteObjects: 0.151000 ms)

========================================================================
Received Prepare
Registering precompiled user dll's ...
Registered in 0.005292 seconds.
Begin MonoManager ReloadAssembly
Symbol file LoadedFromMemory doesn't match image D:\Files\Game Dev\Base-Build-Roguelike\BaseBuildRoguelike\Library\PackageCache\com.unity.visualscripting@1.6.1\Editor\VisualScripting.Core\Dependencies\YamlDotNet\Unity.VisualScripting.YamlDotNet.dll
Symbol file LoadedFromMemory doesn't match image D:\Files\Game Dev\Base-Build-Roguelike\BaseBuildRoguelike\Library\PackageCache\com.unity.visualscripting@1.6.1\Editor\VisualScripting.Core\Dependencies\DotNetZip\Unity.VisualScripting.IonicZip.dll
Native extension for LinuxStandalone target not found
Native extension for WindowsStandalone target not found
Native extension for OSXStandalone target not found
Native extension for WebGL target not found
Refreshing native plugins compatible for Editor in 0.78 ms, found 2 plugins.
Preloading 0 native plugins for Editor in 0.00 ms.
Mono: successfully reloaded assembly
- Completed reload, in  1.520 seconds
Platform modules already initialized, skipping
Refreshing native plugins compatible for Editor in 0.77 ms, found 2 plugins.
Preloading 0 native plugins for Editor in 0.00 ms.
Unloading 3416 Unused Serialized files (Serialized files now loaded: 0)
System memory in use before: 133.7 MB.
System memory in use after: 133.8 MB.

Unloading 16 unused Assets to reduce memory usage. Loaded Objects now: 3962.
Total: 3.903500 ms (FindLiveObjects: 0.292900 ms CreateObjectMapping: 0.151300 ms MarkObjects: 2.292100 ms  DeleteObjects: 1.165000 ms)

========================================================================
Received Prepare
Registering precompiled user dll's ...
Registered in 0.005510 seconds.
Begin MonoManager ReloadAssembly
Symbol file LoadedFromMemory doesn't match image D:\Files\Game Dev\Base-Build-Roguelike\BaseBuildRoguelike\Library\PackageCache\com.unity.visualscripting@1.6.1\Editor\VisualScripting.Core\Dependencies\YamlDotNet\Unity.VisualScripting.YamlDotNet.dll
Symbol file LoadedFromMemory doesn't match image D:\Files\Game Dev\Base-Build-Roguelike\BaseBuildRoguelike\Library\PackageCache\com.unity.visualscripting@1.6.1\Editor\VisualScripting.Core\Dependencies\DotNetZip\Unity.VisualScripting.IonicZip.dll
Native extension for LinuxStandalone target not found
Native extension for WindowsStandalone target not found
Native extension for OSXStandalone target not found
Native extension for WebGL target not found
Refreshing native plugins compatible for Editor in 0.82 ms, found 2 plugins.
Preloading 0 native plugins for Editor in 0.00 ms.
Mono: successfully reloaded assembly
- Completed reload, in  1.690 seconds
Platform modules already initialized, skipping
Refreshing native plugins compatible for Editor in 1.57 ms, found 2 plugins.
Preloading 0 native plugins for Editor in 0.00 ms.
Unloading 3416 Unused Serialized files (Serialized files now loaded: 0)
System memory in use before: 133.7 MB.
System memory in use after: 133.8 MB.

Unloading 16 unused Assets to reduce memory usage. Loaded Objects now: 3966.
Total: 3.050000 ms (FindLiveObjects: 0.306700 ms CreateObjectMapping: 0.141300 ms MarkObjects: 2.470400 ms  DeleteObjects: 0.130100 ms)

========================================================================
Received Prepare
Registering precompiled user dll's ...
Registered in 0.048868 seconds.
Begin MonoManager ReloadAssembly
Symbol file LoadedFromMemory doesn't match image D:\Files\Game Dev\Base-Build-Roguelike\BaseBuildRoguelike\Library\PackageCache\com.unity.visualscripting@1.6.1\Editor\VisualScripting.Core\Dependencies\YamlDotNet\Unity.VisualScripting.YamlDotNet.dll
Symbol file LoadedFromMemory doesn't match image D:\Files\Game Dev\Base-Build-Roguelike\BaseBuildRoguelike\Library\PackageCache\com.unity.visualscripting@1.6.1\Editor\VisualScripting.Core\Dependencies\DotNetZip\Unity.VisualScripting.IonicZip.dll
Native extension for LinuxStandalone target not found
Native extension for WindowsStandalone target not found
Native extension for OSXStandalone target not found
Native extension for WebGL target not found
Refreshing native plugins compatible for Editor in 0.88 ms, found 2 plugins.
Preloading 0 native plugins for Editor in 0.00 ms.
Mono: successfully reloaded assembly
- Completed reload, in  1.903 seconds
Platform modules already initialized, skipping
Refreshing native plugins compatible for Editor in 0.79 ms, found 2 plugins.
Preloading 0 native plugins for Editor in 0.00 ms.
Unloading 3416 Unused Serialized files (Serialized files now loaded: 0)
System memory in use before: 133.7 MB.
System memory in use after: 133.8 MB.

Unloading 16 unused Assets to reduce memory usage. Loaded Objects now: 3970.
Total: 3.611700 ms (FindLiveObjects: 0.484800 ms CreateObjectMapping: 0.364900 ms MarkObjects: 2.619400 ms  DeleteObjects: 0.141000 ms)

========================================================================
Received Prepare
Registering precompiled user dll's ...
Registered in 0.005343 seconds.
Begin MonoManager ReloadAssembly
Symbol file LoadedFromMemory doesn't match image D:\Files\Game Dev\Base-Build-Roguelike\BaseBuildRoguelike\Library\PackageCache\com.unity.visualscripting@1.6.1\Editor\VisualScripting.Core\Dependencies\YamlDotNet\Unity.VisualScripting.YamlDotNet.dll
Symbol file LoadedFromMemory doesn't match image D:\Files\Game Dev\Base-Build-Roguelike\BaseBuildRoguelike\Library\PackageCache\com.unity.visualscripting@1.6.1\Editor\VisualScripting.Core\Dependencies\DotNetZip\Unity.VisualScripting.IonicZip.dll
Native extension for LinuxStandalone target not found
Native extension for WindowsStandalone target not found
Native extension for OSXStandalone target not found
Native extension for WebGL target not found
Refreshing native plugins compatible for Editor in 0.80 ms, found 2 plugins.
Preloading 0 native plugins for Editor in 0.00 ms.
Mono: successfully reloaded assembly
- Completed reload, in  1.874 seconds
Platform modules already initialized, skipping
Refreshing native plugins compatible for Editor in 1.57 ms, found 2 plugins.
Preloading 0 native plugins for Editor in 0.00 ms.
Unloading 3416 Unused Serialized files (Serialized files now loaded: 0)
System memory in use before: 133.7 MB.
System memory in use after: 133.8 MB.

Unloading 16 unused Assets to reduce memory usage. Loaded Objects now: 3974.
Total: 3.961900 ms (FindLiveObjects: 0.347000 ms CreateObjectMapping: 0.174900 ms MarkObjects: 3.303700 ms  DeleteObjects: 0.134400 ms)

========================================================================
Received Prepare
Registering precompiled user dll's ...
Registered in 0.005368 seconds.
Begin MonoManager ReloadAssembly
Symbol file LoadedFromMemory doesn't match image D:\Files\Game Dev\Base-Build-Roguelike\BaseBuildRoguelike\Library\PackageCache\com.unity.visualscripting@1.6.1\Editor\VisualScripting.Core\Dependencies\YamlDotNet\Unity.VisualScripting.YamlDotNet.dll
Symbol file LoadedFromMemory doesn't match image D:\Files\Game Dev\Base-Build-Roguelike\BaseBuildRoguelike\Library\PackageCache\com.unity.visualscripting@1.6.1\Editor\VisualScripting.Core\Dependencies\DotNetZip\Unity.VisualScripting.IonicZip.dll
Native extension for LinuxStandalone target not found
Native extension for WindowsStandalone target not found
Native extension for OSXStandalone target not found
Native extension for WebGL target not found
Refreshing native plugins compatible for Editor in 0.79 ms, found 2 plugins.
Preloading 0 native plugins for Editor in 0.00 ms.
Mono: successfully reloaded assembly
- Completed reload, in  1.883 seconds
Platform modules already initialized, skipping
Refreshing native plugins compatible for Editor in 0.78 ms, found 2 plugins.
Preloading 0 native plugins for Editor in 0.00 ms.
Unloading 3416 Unused Serialized files (Serialized files now loaded: 0)
System memory in use before: 133.8 MB.
System memory in use after: 133.9 MB.

Unloading 16 unused Assets to reduce memory usage. Loaded Objects now: 3978.
Total: 2.785400 ms (FindLiveObjects: 0.292900 ms CreateObjectMapping: 0.145800 ms MarkObjects: 2.224300 ms  DeleteObjects: 0.120700 ms)

========================================================================
Received Prepare
Registering precompiled user dll's ...
Registered in 0.005456 seconds.
Begin MonoManager ReloadAssembly
Symbol file LoadedFromMemory doesn't match image D:\Files\Game Dev\Base-Build-Roguelike\BaseBuildRoguelike\Library\PackageCache\com.unity.visualscripting@1.6.1\Editor\VisualScripting.Core\Dependencies\YamlDotNet\Unity.VisualScripting.YamlDotNet.dll
Symbol file LoadedFromMemory doesn't match image D:\Files\Game Dev\Base-Build-Roguelike\BaseBuildRoguelike\Library\PackageCache\com.unity.visualscripting@1.6.1\Editor\VisualScripting.Core\Dependencies\DotNetZip\Unity.VisualScripting.IonicZip.dll
Native extension for LinuxStandalone target not found
Native extension for WindowsStandalone target not found
Native extension for OSXStandalone target not found
Native extension for WebGL target not found
Refreshing native plugins compatible for Editor in 0.77 ms, found 2 plugins.
Preloading 0 native plugins for Editor in 0.00 ms.
Mono: successfully reloaded assembly
- Completed reload, in  1.930 seconds
Platform modules already initialized, skipping
Refreshing native plugins compatible for Editor in 0.76 ms, found 2 plugins.
Preloading 0 native plugins for Editor in 0.00 ms.
Unloading 3416 Unused Serialized files (Serialized files now loaded: 0)
System memory in use before: 133.8 MB.
System memory in use after: 133.9 MB.

Unloading 16 unused Assets to reduce memory usage. Loaded Objects now: 3982.
Total: 3.240500 ms (FindLiveObjects: 0.306200 ms CreateObjectMapping: 0.148700 ms MarkObjects: 2.655900 ms  DeleteObjects: 0.127700 ms)

========================================================================
Received Import Request.
  Time since last request: 592.959898 seconds.
  path: Assets/Prefabs/Archer.prefab
  artifactKey: Guid(aa27a70a0b3e25b469136317101ae80d) Importer(815301076,1909f56bfc062723c751e8b465ee728b)
Start importing Assets/Prefabs/Archer.prefab using Guid(aa27a70a0b3e25b469136317101ae80d) Importer(815301076,1909f56bfc062723c751e8b465ee728b)  -> (artifact id: '1e855f331129ecec70505d06edcbc120') in 0.113149 seconds 
========================================================================
Received Prepare
Registering precompiled user dll's ...
Registered in 0.006425 seconds.
Begin MonoManager ReloadAssembly
Symbol file LoadedFromMemory doesn't match image D:\Files\Game Dev\Base-Build-Roguelike\BaseBuildRoguelike\Library\PackageCache\com.unity.visualscripting@1.6.1\Editor\VisualScripting.Core\Dependencies\YamlDotNet\Unity.VisualScripting.YamlDotNet.dll
Symbol file LoadedFromMemory doesn't match image D:\Files\Game Dev\Base-Build-Roguelike\BaseBuildRoguelike\Library\PackageCache\com.unity.visualscripting@1.6.1\Editor\VisualScripting.Core\Dependencies\DotNetZip\Unity.VisualScripting.IonicZip.dll
Native extension for LinuxStandalone target not found
Native extension for WindowsStandalone target not found
Native extension for OSXStandalone target not found
Native extension for WebGL target not found
Refreshing native plugins compatible for Editor in 0.78 ms, found 2 plugins.
Preloading 0 native plugins for Editor in 0.00 ms.
Mono: successfully reloaded assembly
- Completed reload, in  1.447 seconds
Platform modules already initialized, skipping
Refreshing native plugins compatible for Editor in 0.77 ms, found 2 plugins.
Preloading 0 native plugins for Editor in 0.00 ms.
Unloading 3416 Unused Serialized files (Serialized files now loaded: 0)
System memory in use before: 133.9 MB.
System memory in use after: 134.0 MB.

Unloading 16 unused Assets to reduce memory usage. Loaded Objects now: 3987.
Total: 2.874400 ms (FindLiveObjects: 0.317200 ms CreateObjectMapping: 0.164000 ms MarkObjects: 2.272600 ms  DeleteObjects: 0.119200 ms)

========================================================================
Received Prepare
Registering precompiled user dll's ...
Registered in 0.006140 seconds.
Begin MonoManager ReloadAssembly
Symbol file LoadedFromMemory doesn't match image D:\Files\Game Dev\Base-Build-Roguelike\BaseBuildRoguelike\Library\PackageCache\com.unity.visualscripting@1.6.1\Editor\VisualScripting.Core\Dependencies\YamlDotNet\Unity.VisualScripting.YamlDotNet.dll
Symbol file LoadedFromMemory doesn't match image D:\Files\Game Dev\Base-Build-Roguelike\BaseBuildRoguelike\Library\PackageCache\com.unity.visualscripting@1.6.1\Editor\VisualScripting.Core\Dependencies\DotNetZip\Unity.VisualScripting.IonicZip.dll
Native extension for LinuxStandalone target not found
Native extension for WindowsStandalone target not found
Native extension for OSXStandalone target not found
Native extension for WebGL target not found
Refreshing native plugins compatible for Editor in 1.54 ms, found 2 plugins.
Preloading 0 native plugins for Editor in 0.00 ms.
Mono: successfully reloaded assembly
- Completed reload, in  1.734 seconds
Platform modules already initialized, skipping
Refreshing native plugins compatible for Editor in 0.76 ms, found 2 plugins.
Preloading 0 native plugins for Editor in 0.00 ms.
Unloading 3416 Unused Serialized files (Serialized files now loaded: 0)
System memory in use before: 133.9 MB.
System memory in use after: 134.0 MB.

Unloading 16 unused Assets to reduce memory usage. Loaded Objects now: 3991.
Total: 3.072600 ms (FindLiveObjects: 0.288800 ms CreateObjectMapping: 0.144600 ms MarkObjects: 2.504200 ms  DeleteObjects: 0.133400 ms)

========================================================================
Received Prepare
Registering precompiled user dll's ...
Registered in 0.005390 seconds.
Begin MonoManager ReloadAssembly
Symbol file LoadedFromMemory doesn't match image D:\Files\Game Dev\Base-Build-Roguelike\BaseBuildRoguelike\Library\PackageCache\com.unity.visualscripting@1.6.1\Editor\VisualScripting.Core\Dependencies\YamlDotNet\Unity.VisualScripting.YamlDotNet.dll
Symbol file LoadedFromMemory doesn't match image D:\Files\Game Dev\Base-Build-Roguelike\BaseBuildRoguelike\Library\PackageCache\com.unity.visualscripting@1.6.1\Editor\VisualScripting.Core\Dependencies\DotNetZip\Unity.VisualScripting.IonicZip.dll
Native extension for LinuxStandalone target not found
Native extension for WindowsStandalone target not found
Native extension for OSXStandalone target not found
Native extension for WebGL target not found
Refreshing native plugins compatible for Editor in 1.45 ms, found 2 plugins.
Preloading 0 native plugins for Editor in 0.00 ms.
Mono: successfully reloaded assembly
- Completed reload, in  1.719 seconds
Platform modules already initialized, skipping
Refreshing native plugins compatible for Editor in 1.12 ms, found 2 plugins.
Preloading 0 native plugins for Editor in 0.00 ms.
Unloading 3416 Unused Serialized files (Serialized files now loaded: 0)
System memory in use before: 133.9 MB.
System memory in use after: 134.0 MB.

Unloading 16 unused Assets to reduce memory usage. Loaded Objects now: 3995.
Total: 3.055300 ms (FindLiveObjects: 0.314500 ms CreateObjectMapping: 0.144600 ms MarkObjects: 2.466800 ms  DeleteObjects: 0.127700 ms)

AssetImportWorkerClient::OnTransportError - code=2 error=End of file
