Using pre-set license
Built from '2021.1/staging' branch; Version is '2021.1.7f1 (d91830b65d9b) revision 14227504'; Using compiler version '192528614'; Build Type 'Release'
OS: 'Windows 10 Pro; OS build 19042.1110; Version 2009; 64bit' Language: 'en' Physical Memory: 16333 MB
BatchMode: 1, IsHumanControllingUs: 0, StartBugReporterOnCrash: 0, Is64bit: 1, IsPro: 0

 COMMAND LINE ARGUMENTS:
C:\Program Files\Unity\2021.1.7f1\Editor\Unity.exe
-adb2
-batchMode
-noUpm
-name
AssetImportWorker1
-projectPath
D:/Files/Game Dev/Base-Build-Roguelike/BaseBuildRoguelike
-logFile
Logs/AssetImportWorker1.log
-srvPort
63029
Successfully changed project path to: D:/Files/Game Dev/Base-Build-Roguelike/BaseBuildRoguelike
D:/Files/Game Dev/Base-Build-Roguelike/BaseBuildRoguelike
Using Asset Import Pipeline V2.
Refreshing native plugins compatible for Editor in 867.55 ms, found 2 plugins.
Preloading 0 native plugins for Editor in 0.00 ms.
Initialize engine version: 2021.1.7f1 (d91830b65d9b)
[Subsystems] Discovering subsystems at path C:/Program Files/Unity/2021.1.7f1/Editor/Data/Resources/UnitySubsystems
[Subsystems] Discovering subsystems at path D:/Files/Game Dev/Base-Build-Roguelike/BaseBuildRoguelike/Assets
GfxDevice: creating device client; threaded=0; jobified=0
Direct3D:
    Version:  Direct3D 11.0 [level 11.1]
    Renderer: NVIDIA GeForce RTX 2060 (ID=0x1f08)
    Vendor:   NVIDIA
    VRAM:     5980 MB
    Driver:   27.21.14.5751
Shader 'Universal Render Pipeline/Particles/Lit': fallback shader 'Universal Render Pipeline/Particles/SimpleLit' not found
Initialize mono
Mono path[0] = 'C:/Program Files/Unity/2021.1.7f1/Editor/Data/Managed'
Mono path[1] = 'C:/Program Files/Unity/2021.1.7f1/Editor/Data/MonoBleedingEdge/lib/mono/unityjit'
Mono config path = 'C:/Program Files/Unity/2021.1.7f1/Editor/Data/MonoBleedingEdge/etc'
Using monoOptions --debugger-agent=transport=dt_socket,embedding=1,server=y,suspend=n,address=127.0.0.1:56292
Begin MonoManager ReloadAssembly
Registering precompiled unity dll's ...
Register platform support module: C:/Program Files/Unity/2021.1.7f1/Editor/Data/PlaybackEngines/WebGLSupport/UnityEditor.WebGL.Extensions.dll
Register platform support module: C:/Program Files/Unity/2021.1.7f1/Editor/Data/PlaybackEngines/MacStandaloneSupport/UnityEditor.OSXStandalone.Extensions.dll
Register platform support module: C:/Program Files/Unity/2021.1.7f1/Editor/Data/PlaybackEngines/WindowsStandaloneSupport/UnityEditor.WindowsStandalone.Extensions.dll
Register platform support module: C:/Program Files/Unity/2021.1.7f1/Editor/Data/PlaybackEngines/LinuxStandaloneSupport/UnityEditor.LinuxStandalone.Extensions.dll
Registered in 0.008433 seconds.
Native extension for LinuxStandalone target not found
Native extension for WindowsStandalone target not found
Native extension for OSXStandalone target not found
Native extension for WebGL target not found
Refreshing native plugins compatible for Editor in 223.46 ms, found 2 plugins.
Preloading 0 native plugins for Editor in 0.00 ms.
Mono: successfully reloaded assembly
- Completed reload, in  8.942 seconds
Platform modules already initialized, skipping
Registering precompiled user dll's ...
Registered in 0.006209 seconds.
Begin MonoManager ReloadAssembly
Symbol file data-000001F956451020 doesn't match image D:\Files\Game Dev\Base-Build-Roguelike\BaseBuildRoguelike\Library\ScriptAssemblies\Unity.2D.Animation.Editor.dll
Symbol file LoadedFromMemory is not a mono symbol file
Symbol file data-000001F95663CA00 doesn't match image D:\Files\Game Dev\Base-Build-Roguelike\BaseBuildRoguelike\Library\ScriptAssemblies\Unity.2D.Animation.Runtime.dll
Symbol file LoadedFromMemory is not a mono symbol file
Symbol file data-000001F9577D9BD0 doesn't match image D:\Files\Game Dev\Base-Build-Roguelike\BaseBuildRoguelike\Library\ScriptAssemblies\Unity.2D.SpriteShape.Runtime.dll
Symbol file LoadedFromMemory is not a mono symbol file
Symbol file LoadedFromMemory doesn't match image D:\Files\Game Dev\Base-Build-Roguelike\BaseBuildRoguelike\Library\PackageCache\com.unity.visualscripting@1.6.1\Editor\VisualScripting.Core\Dependencies\YamlDotNet\Unity.VisualScripting.YamlDotNet.dll
Symbol file LoadedFromMemory doesn't match image D:\Files\Game Dev\Base-Build-Roguelike\BaseBuildRoguelike\Library\PackageCache\com.unity.visualscripting@1.6.1\Editor\VisualScripting.Core\Dependencies\DotNetZip\Unity.VisualScripting.IonicZip.dll
Native extension for LinuxStandalone target not found
Native extension for WindowsStandalone target not found
Native extension for OSXStandalone target not found
Native extension for WebGL target not found
Refreshing native plugins compatible for Editor in 187.92 ms, found 2 plugins.
Preloading 0 native plugins for Editor in 0.00 ms.
Mono: successfully reloaded assembly
- Completed reload, in  2.216 seconds
Platform modules already initialized, skipping
========================================================================
Worker process is ready to serve import requests
Shader 'Universal Render Pipeline/Particles/Lit': fallback shader 'Universal Render Pipeline/Particles/SimpleLit' not found
Launched and connected shader compiler UnityShaderCompiler.exe after 0.36 seconds
Refreshing native plugins compatible for Editor in 1.03 ms, found 2 plugins.
Preloading 0 native plugins for Editor in 0.00 ms.
Unloading 4549 Unused Serialized files (Serialized files now loaded: 0)
System memory in use before: 174.0 MB.
System memory in use after: 174.1 MB.

Unloading 27 unused Assets to reduce memory usage. Loaded Objects now: 5010.
Total: 3.350200 ms (FindLiveObjects: 0.385200 ms CreateObjectMapping: 0.208900 ms MarkObjects: 2.605000 ms  DeleteObjects: 0.149400 ms)

========================================================================
Received Import Request.
  path: Assets/Scripts/UI/Inspector/TrainerInspector.cs
  artifactKey: Guid(bc05f322a60b5de49b8e0b993c96de94) Importer(815301076,1909f56bfc062723c751e8b465ee728b)
Start importing Assets/Scripts/UI/Inspector/TrainerInspector.cs using Guid(bc05f322a60b5de49b8e0b993c96de94) Importer(815301076,1909f56bfc062723c751e8b465ee728b)  -> (artifact id: '5dec7e3d8e128b623bf515251a39a564') in 0.053239 seconds 
========================================================================
Received Import Request.
  Time since last request: 322.766249 seconds.
  path: Assets/Scripts/UI/Inspector/TrainerInspector.cs
  artifactKey: Guid(bc05f322a60b5de49b8e0b993c96de94) Importer(815301076,1909f56bfc062723c751e8b465ee728b)
Start importing Assets/Scripts/UI/Inspector/TrainerInspector.cs using Guid(bc05f322a60b5de49b8e0b993c96de94) Importer(815301076,1909f56bfc062723c751e8b465ee728b)  -> (artifact id: '93ae221f213b33ef8b9d30c5778d0b99') in 0.021950 seconds 
========================================================================
Received Import Request.
  Time since last request: 112.621703 seconds.
  path: Assets/Scripts/UI/Inspector/TrainerInspector.cs
  artifactKey: Guid(bc05f322a60b5de49b8e0b993c96de94) Importer(815301076,1909f56bfc062723c751e8b465ee728b)
Start importing Assets/Scripts/UI/Inspector/TrainerInspector.cs using Guid(bc05f322a60b5de49b8e0b993c96de94) Importer(815301076,1909f56bfc062723c751e8b465ee728b)  -> (artifact id: 'fb55cef0381a515bb5d71738d627b838') in 0.028731 seconds 
========================================================================
Received Import Request.
  Time since last request: 421.104446 seconds.
  path: Assets/Scripts/UI/Inspector/TrainerInspector.cs
  artifactKey: Guid(bc05f322a60b5de49b8e0b993c96de94) Importer(815301076,1909f56bfc062723c751e8b465ee728b)
Start importing Assets/Scripts/UI/Inspector/TrainerInspector.cs using Guid(bc05f322a60b5de49b8e0b993c96de94) Importer(815301076,1909f56bfc062723c751e8b465ee728b)  -> (artifact id: '976e6b82d4eccc9a2630f9997633649d') in 0.016104 seconds 
========================================================================
Received Import Request.
  Time since last request: 171.769946 seconds.
  path: Assets/Scripts/UI/Inspector/TrainerInspector.cs
  artifactKey: Guid(bc05f322a60b5de49b8e0b993c96de94) Importer(815301076,1909f56bfc062723c751e8b465ee728b)
Start importing Assets/Scripts/UI/Inspector/TrainerInspector.cs using Guid(bc05f322a60b5de49b8e0b993c96de94) Importer(815301076,1909f56bfc062723c751e8b465ee728b)  -> (artifact id: 'e1d90ca02d74b2efe260629adf9fd91c') in 0.008598 seconds 
========================================================================
Received Import Request.
  Time since last request: 158.925416 seconds.
  path: Assets/Scripts/UI/Inspector/TrainerInspector.cs
  artifactKey: Guid(bc05f322a60b5de49b8e0b993c96de94) Importer(815301076,1909f56bfc062723c751e8b465ee728b)
Start importing Assets/Scripts/UI/Inspector/TrainerInspector.cs using Guid(bc05f322a60b5de49b8e0b993c96de94) Importer(815301076,1909f56bfc062723c751e8b465ee728b)  -> (artifact id: '0fc6d9a0deed7504b3738d9e5f98d67a') in 0.041373 seconds 
========================================================================
Received Import Request.
  Time since last request: 74.347962 seconds.
  path: Assets/Scripts/UI/Inspector/TrainerInspector.cs
  artifactKey: Guid(bc05f322a60b5de49b8e0b993c96de94) Importer(815301076,1909f56bfc062723c751e8b465ee728b)
Start importing Assets/Scripts/UI/Inspector/TrainerInspector.cs using Guid(bc05f322a60b5de49b8e0b993c96de94) Importer(815301076,1909f56bfc062723c751e8b465ee728b)  -> (artifact id: '61dec99855824da3e5545a8e21741cb8') in 0.008819 seconds 
========================================================================
Received Import Request.
  Time since last request: 9.139700 seconds.
  path: Assets/Scripts/UI/Inspector/TrainerInspector.cs
  artifactKey: Guid(bc05f322a60b5de49b8e0b993c96de94) Importer(815301076,1909f56bfc062723c751e8b465ee728b)
Start importing Assets/Scripts/UI/Inspector/TrainerInspector.cs using Guid(bc05f322a60b5de49b8e0b993c96de94) Importer(815301076,1909f56bfc062723c751e8b465ee728b)  -> (artifact id: '3571a05786b860dd63a07ffe79ba6aea') in 0.007728 seconds 
========================================================================
Received Prepare
Registering precompiled user dll's ...
Registered in 0.005830 seconds.
Begin MonoManager ReloadAssembly
Symbol file data-000001F957B41010 doesn't match image D:\Files\Game Dev\Base-Build-Roguelike\BaseBuildRoguelike\Library\ScriptAssemblies\Unity.2D.Animation.Editor.dll
Symbol file LoadedFromMemory is not a mono symbol file
Symbol file data-000001F95806B900 doesn't match image D:\Files\Game Dev\Base-Build-Roguelike\BaseBuildRoguelike\Library\ScriptAssemblies\Unity.2D.Animation.Runtime.dll
Symbol file LoadedFromMemory is not a mono symbol file
Symbol file data-000001F956D76D00 doesn't match image D:\Files\Game Dev\Base-Build-Roguelike\BaseBuildRoguelike\Library\ScriptAssemblies\Unity.2D.SpriteShape.Runtime.dll
Symbol file LoadedFromMemory is not a mono symbol file
Symbol file LoadedFromMemory doesn't match image D:\Files\Game Dev\Base-Build-Roguelike\BaseBuildRoguelike\Library\PackageCache\com.unity.visualscripting@1.6.1\Editor\VisualScripting.Core\Dependencies\YamlDotNet\Unity.VisualScripting.YamlDotNet.dll
Symbol file LoadedFromMemory doesn't match image D:\Files\Game Dev\Base-Build-Roguelike\BaseBuildRoguelike\Library\PackageCache\com.unity.visualscripting@1.6.1\Editor\VisualScripting.Core\Dependencies\DotNetZip\Unity.VisualScripting.IonicZip.dll
Native extension for LinuxStandalone target not found
Native extension for WindowsStandalone target not found
Native extension for OSXStandalone target not found
Native extension for WebGL target not found
Refreshing native plugins compatible for Editor in 1.09 ms, found 2 plugins.
Preloading 0 native plugins for Editor in 0.00 ms.
Mono: successfully reloaded assembly
- Completed reload, in  1.897 seconds
Platform modules already initialized, skipping
Shader 'Universal Render Pipeline/Particles/Lit': fallback shader 'Universal Render Pipeline/Particles/SimpleLit' not found
Refreshing native plugins compatible for Editor in 1.82 ms, found 2 plugins.
Preloading 0 native plugins for Editor in 0.00 ms.
Unloading 4484 Unused Serialized files (Serialized files now loaded: 0)
System memory in use before: 168.4 MB.
System memory in use after: 168.6 MB.

Unloading 16 unused Assets to reduce memory usage. Loaded Objects now: 5014.
Total: 3.403100 ms (FindLiveObjects: 0.378500 ms CreateObjectMapping: 0.204300 ms MarkObjects: 2.680300 ms  DeleteObjects: 0.138100 ms)

========================================================================
Received Prepare
Registering precompiled user dll's ...
Registered in 0.006456 seconds.
Begin MonoManager ReloadAssembly
Symbol file data-000001F9567D1010 doesn't match image D:\Files\Game Dev\Base-Build-Roguelike\BaseBuildRoguelike\Library\ScriptAssemblies\Unity.2D.Animation.Editor.dll
Symbol file LoadedFromMemory is not a mono symbol file
Symbol file data-000001F957C60010 doesn't match image D:\Files\Game Dev\Base-Build-Roguelike\BaseBuildRoguelike\Library\ScriptAssemblies\Unity.2D.Animation.Runtime.dll
Symbol file LoadedFromMemory is not a mono symbol file
Symbol file data-000001F95B433A70 doesn't match image D:\Files\Game Dev\Base-Build-Roguelike\BaseBuildRoguelike\Library\ScriptAssemblies\Unity.2D.SpriteShape.Runtime.dll
Symbol file LoadedFromMemory is not a mono symbol file
Symbol file LoadedFromMemory doesn't match image D:\Files\Game Dev\Base-Build-Roguelike\BaseBuildRoguelike\Library\PackageCache\com.unity.visualscripting@1.6.1\Editor\VisualScripting.Core\Dependencies\YamlDotNet\Unity.VisualScripting.YamlDotNet.dll
Symbol file LoadedFromMemory doesn't match image D:\Files\Game Dev\Base-Build-Roguelike\BaseBuildRoguelike\Library\PackageCache\com.unity.visualscripting@1.6.1\Editor\VisualScripting.Core\Dependencies\DotNetZip\Unity.VisualScripting.IonicZip.dll
Native extension for LinuxStandalone target not found
Native extension for WindowsStandalone target not found
Native extension for OSXStandalone target not found
Native extension for WebGL target not found
Refreshing native plugins compatible for Editor in 1.02 ms, found 2 plugins.
Preloading 0 native plugins for Editor in 0.00 ms.
Mono: successfully reloaded assembly
- Completed reload, in  2.610 seconds
Platform modules already initialized, skipping
Shader 'Universal Render Pipeline/Particles/Lit': fallback shader 'Universal Render Pipeline/Particles/SimpleLit' not found
Refreshing native plugins compatible for Editor in 1.04 ms, found 2 plugins.
Preloading 0 native plugins for Editor in 0.00 ms.
Unloading 4484 Unused Serialized files (Serialized files now loaded: 0)
System memory in use before: 168.5 MB.
System memory in use after: 168.6 MB.

Unloading 16 unused Assets to reduce memory usage. Loaded Objects now: 5018.
Total: 4.714700 ms (FindLiveObjects: 0.538700 ms CreateObjectMapping: 0.482500 ms MarkObjects: 3.532900 ms  DeleteObjects: 0.158800 ms)

========================================================================
Received Prepare
Registering precompiled user dll's ...
Registered in 0.008973 seconds.
Begin MonoManager ReloadAssembly
Symbol file data-000001F959CCCEE0 doesn't match image D:\Files\Game Dev\Base-Build-Roguelike\BaseBuildRoguelike\Library\ScriptAssemblies\Unity.2D.Animation.Editor.dll
Symbol file LoadedFromMemory is not a mono symbol file
Symbol file data-000001F95AEF4AB0 doesn't match image D:\Files\Game Dev\Base-Build-Roguelike\BaseBuildRoguelike\Library\ScriptAssemblies\Unity.2D.Animation.Runtime.dll
Symbol file LoadedFromMemory is not a mono symbol file
Symbol file data-000001F95B2F4CF0 doesn't match image D:\Files\Game Dev\Base-Build-Roguelike\BaseBuildRoguelike\Library\ScriptAssemblies\Unity.2D.SpriteShape.Runtime.dll
Symbol file LoadedFromMemory is not a mono symbol file
Symbol file LoadedFromMemory doesn't match image D:\Files\Game Dev\Base-Build-Roguelike\BaseBuildRoguelike\Library\PackageCache\com.unity.visualscripting@1.6.1\Editor\VisualScripting.Core\Dependencies\YamlDotNet\Unity.VisualScripting.YamlDotNet.dll
Symbol file LoadedFromMemory doesn't match image D:\Files\Game Dev\Base-Build-Roguelike\BaseBuildRoguelike\Library\PackageCache\com.unity.visualscripting@1.6.1\Editor\VisualScripting.Core\Dependencies\DotNetZip\Unity.VisualScripting.IonicZip.dll
Native extension for LinuxStandalone target not found
Native extension for WindowsStandalone target not found
Native extension for OSXStandalone target not found
Native extension for WebGL target not found
Refreshing native plugins compatible for Editor in 1.04 ms, found 2 plugins.
Preloading 0 native plugins for Editor in 0.00 ms.
Mono: successfully reloaded assembly
- Completed reload, in  2.903 seconds
Platform modules already initialized, skipping
Shader 'Universal Render Pipeline/Particles/Lit': fallback shader 'Universal Render Pipeline/Particles/SimpleLit' not found
Refreshing native plugins compatible for Editor in 1.50 ms, found 2 plugins.
Preloading 0 native plugins for Editor in 0.00 ms.
Unloading 4484 Unused Serialized files (Serialized files now loaded: 0)
System memory in use before: 168.6 MB.
System memory in use after: 168.7 MB.

Unloading 16 unused Assets to reduce memory usage. Loaded Objects now: 5022.
Total: 5.339600 ms (FindLiveObjects: 0.842700 ms CreateObjectMapping: 0.660500 ms MarkObjects: 3.673700 ms  DeleteObjects: 0.160600 ms)

========================================================================
Received Import Request.
  Time since last request: 203.301645 seconds.
  path: Assets/Prefabs/Barracks.prefab
  artifactKey: Guid(809f6bdabf29e6642b09e257c92acb0a) Importer(815301076,1909f56bfc062723c751e8b465ee728b)
Start importing Assets/Prefabs/Barracks.prefab using Guid(809f6bdabf29e6642b09e257c92acb0a) Importer(815301076,1909f56bfc062723c751e8b465ee728b)  -> (artifact id: 'a989a8106813d40876316dc7fdebace7') in 0.403794 seconds 
========================================================================
Received Import Request.
  Time since last request: 7.636432 seconds.
  path: Assets/Prefabs/Barracks.prefab
  artifactKey: Guid(809f6bdabf29e6642b09e257c92acb0a) Importer(815301076,1909f56bfc062723c751e8b465ee728b)
Start importing Assets/Prefabs/Barracks.prefab using Guid(809f6bdabf29e6642b09e257c92acb0a) Importer(815301076,1909f56bfc062723c751e8b465ee728b)  -> (artifact id: '96e4024a0e570b18d26c793259b898bc') in 0.049757 seconds 
========================================================================
Received Import Request.
  Time since last request: 4.612690 seconds.
  path: Assets/Prefabs/Barracks.prefab
  artifactKey: Guid(809f6bdabf29e6642b09e257c92acb0a) Importer(815301076,1909f56bfc062723c751e8b465ee728b)
Start importing Assets/Prefabs/Barracks.prefab using Guid(809f6bdabf29e6642b09e257c92acb0a) Importer(815301076,1909f56bfc062723c751e8b465ee728b)  -> (artifact id: '59da5e14647605c1ba71da8f911fb00b') in 0.043980 seconds 
========================================================================
Received Import Request.
  Time since last request: 8.626131 seconds.
  path: Assets/Prefabs/Barracks.prefab
  artifactKey: Guid(809f6bdabf29e6642b09e257c92acb0a) Importer(815301076,1909f56bfc062723c751e8b465ee728b)
Start importing Assets/Prefabs/Barracks.prefab using Guid(809f6bdabf29e6642b09e257c92acb0a) Importer(815301076,1909f56bfc062723c751e8b465ee728b)  -> (artifact id: '1579f8d356ed6d337c4de8eb1d991c55') in 0.043012 seconds 
========================================================================
Received Import Request.
  Time since last request: 4.630253 seconds.
  path: Assets/Prefabs/ArcheryRange.prefab
  artifactKey: Guid(c9cc39c57f2ed3f40bc695bd1e6fc530) Importer(815301076,1909f56bfc062723c751e8b465ee728b)
Start importing Assets/Prefabs/ArcheryRange.prefab using Guid(c9cc39c57f2ed3f40bc695bd1e6fc530) Importer(815301076,1909f56bfc062723c751e8b465ee728b)  -> (artifact id: '478ae3761eddc477932bef22334be3c8') in 0.509069 seconds 
========================================================================
Received Import Request.
  Time since last request: 6.468481 seconds.
  path: Assets/Prefabs/Temple.prefab
  artifactKey: Guid(257c36affca64ff4fb5a93eb46f4aa13) Importer(815301076,1909f56bfc062723c751e8b465ee728b)
Start importing Assets/Prefabs/Temple.prefab using Guid(257c36affca64ff4fb5a93eb46f4aa13) Importer(815301076,1909f56bfc062723c751e8b465ee728b)  -> (artifact id: 'b194c2803047cea02df67f2e7e254f27') in 0.039913 seconds 
========================================================================
Received Prepare
Registering precompiled user dll's ...
Registered in 0.006226 seconds.
Begin MonoManager ReloadAssembly
Symbol file data-000001F95B776780 doesn't match image D:\Files\Game Dev\Base-Build-Roguelike\BaseBuildRoguelike\Library\ScriptAssemblies\Unity.2D.Animation.Editor.dll
Symbol file LoadedFromMemory is not a mono symbol file
Symbol file data-000001F95AEFB6A0 doesn't match image D:\Files\Game Dev\Base-Build-Roguelike\BaseBuildRoguelike\Library\ScriptAssemblies\Unity.2D.Animation.Runtime.dll
Symbol file LoadedFromMemory is not a mono symbol file
Symbol file data-000001F9592FD010 doesn't match image D:\Files\Game Dev\Base-Build-Roguelike\BaseBuildRoguelike\Library\ScriptAssemblies\Unity.2D.SpriteShape.Runtime.dll
Symbol file LoadedFromMemory is not a mono symbol file
Symbol file LoadedFromMemory doesn't match image D:\Files\Game Dev\Base-Build-Roguelike\BaseBuildRoguelike\Library\PackageCache\com.unity.visualscripting@1.6.1\Editor\VisualScripting.Core\Dependencies\YamlDotNet\Unity.VisualScripting.YamlDotNet.dll
Symbol file LoadedFromMemory doesn't match image D:\Files\Game Dev\Base-Build-Roguelike\BaseBuildRoguelike\Library\PackageCache\com.unity.visualscripting@1.6.1\Editor\VisualScripting.Core\Dependencies\DotNetZip\Unity.VisualScripting.IonicZip.dll
Native extension for LinuxStandalone target not found
Native extension for WindowsStandalone target not found
Native extension for OSXStandalone target not found
Native extension for WebGL target not found
Refreshing native plugins compatible for Editor in 1.01 ms, found 2 plugins.
Preloading 0 native plugins for Editor in 0.00 ms.
Mono: successfully reloaded assembly
- Completed reload, in  2.776 seconds
Platform modules already initialized, skipping
Shader 'Universal Render Pipeline/Particles/Lit': fallback shader 'Universal Render Pipeline/Particles/SimpleLit' not found
Refreshing native plugins compatible for Editor in 1.04 ms, found 2 plugins.
Preloading 0 native plugins for Editor in 0.00 ms.
Unloading 4484 Unused Serialized files (Serialized files now loaded: 0)
System memory in use before: 174.9 MB.
System memory in use after: 175.0 MB.

Unloading 16 unused Assets to reduce memory usage. Loaded Objects now: 5073.
Total: 3.978000 ms (FindLiveObjects: 0.383800 ms CreateObjectMapping: 0.203900 ms MarkObjects: 3.248700 ms  DeleteObjects: 0.139900 ms)

========================================================================
Received Prepare
Registering precompiled user dll's ...
Registered in 0.017201 seconds.
Begin MonoManager ReloadAssembly
Symbol file data-000001F956F56830 doesn't match image D:\Files\Game Dev\Base-Build-Roguelike\BaseBuildRoguelike\Library\ScriptAssemblies\Unity.2D.Animation.Editor.dll
Symbol file LoadedFromMemory is not a mono symbol file
Symbol file data-000001F95778A030 doesn't match image D:\Files\Game Dev\Base-Build-Roguelike\BaseBuildRoguelike\Library\ScriptAssemblies\Unity.2D.Animation.Runtime.dll
Symbol file LoadedFromMemory is not a mono symbol file
Symbol file data-000001F95B146DC0 doesn't match image D:\Files\Game Dev\Base-Build-Roguelike\BaseBuildRoguelike\Library\ScriptAssemblies\Unity.2D.SpriteShape.Runtime.dll
Symbol file LoadedFromMemory is not a mono symbol file
Symbol file LoadedFromMemory doesn't match image D:\Files\Game Dev\Base-Build-Roguelike\BaseBuildRoguelike\Library\PackageCache\com.unity.visualscripting@1.6.1\Editor\VisualScripting.Core\Dependencies\YamlDotNet\Unity.VisualScripting.YamlDotNet.dll
Symbol file LoadedFromMemory doesn't match image D:\Files\Game Dev\Base-Build-Roguelike\BaseBuildRoguelike\Library\PackageCache\com.unity.visualscripting@1.6.1\Editor\VisualScripting.Core\Dependencies\DotNetZip\Unity.VisualScripting.IonicZip.dll
Native extension for LinuxStandalone target not found
Native extension for WindowsStandalone target not found
Native extension for OSXStandalone target not found
Native extension for WebGL target not found
Refreshing native plugins compatible for Editor in 1.06 ms, found 2 plugins.
Preloading 0 native plugins for Editor in 0.00 ms.
Mono: successfully reloaded assembly
- Completed reload, in  1.844 seconds
Platform modules already initialized, skipping
Shader 'Universal Render Pipeline/Particles/Lit': fallback shader 'Universal Render Pipeline/Particles/SimpleLit' not found
Refreshing native plugins compatible for Editor in 1.03 ms, found 2 plugins.
Preloading 0 native plugins for Editor in 0.00 ms.
Unloading 4484 Unused Serialized files (Serialized files now loaded: 0)
System memory in use before: 174.9 MB.
System memory in use after: 175.0 MB.

Unloading 16 unused Assets to reduce memory usage. Loaded Objects now: 5077.
Total: 4.385300 ms (FindLiveObjects: 0.389800 ms CreateObjectMapping: 0.206000 ms MarkObjects: 3.614200 ms  DeleteObjects: 0.173300 ms)

========================================================================
Received Prepare
Registering precompiled user dll's ...
Registered in 0.008596 seconds.
Begin MonoManager ReloadAssembly
Symbol file data-000001F95B44CD00 doesn't match image D:\Files\Game Dev\Base-Build-Roguelike\BaseBuildRoguelike\Library\ScriptAssemblies\Unity.2D.Animation.Editor.dll
Symbol file LoadedFromMemory is not a mono symbol file
Symbol file data-000001F9567B7010 doesn't match image D:\Files\Game Dev\Base-Build-Roguelike\BaseBuildRoguelike\Library\ScriptAssemblies\Unity.2D.Animation.Runtime.dll
Symbol file LoadedFromMemory is not a mono symbol file
Symbol file data-000001F7A0107010 doesn't match image D:\Files\Game Dev\Base-Build-Roguelike\BaseBuildRoguelike\Library\ScriptAssemblies\Unity.2D.SpriteShape.Runtime.dll
Symbol file LoadedFromMemory is not a mono symbol file
Symbol file LoadedFromMemory doesn't match image D:\Files\Game Dev\Base-Build-Roguelike\BaseBuildRoguelike\Library\PackageCache\com.unity.visualscripting@1.6.1\Editor\VisualScripting.Core\Dependencies\YamlDotNet\Unity.VisualScripting.YamlDotNet.dll
Symbol file LoadedFromMemory doesn't match image D:\Files\Game Dev\Base-Build-Roguelike\BaseBuildRoguelike\Library\PackageCache\com.unity.visualscripting@1.6.1\Editor\VisualScripting.Core\Dependencies\DotNetZip\Unity.VisualScripting.IonicZip.dll
Native extension for LinuxStandalone target not found
Native extension for WindowsStandalone target not found
Native extension for OSXStandalone target not found
Native extension for WebGL target not found
Refreshing native plugins compatible for Editor in 1.40 ms, found 2 plugins.
Preloading 0 native plugins for Editor in 0.00 ms.
Mono: successfully reloaded assembly
- Completed reload, in  3.266 seconds
Platform modules already initialized, skipping
Shader 'Universal Render Pipeline/Particles/Lit': fallback shader 'Universal Render Pipeline/Particles/SimpleLit' not found
Refreshing native plugins compatible for Editor in 1.10 ms, found 2 plugins.
Preloading 0 native plugins for Editor in 0.00 ms.
Unloading 4484 Unused Serialized files (Serialized files now loaded: 0)
System memory in use before: 174.9 MB.
System memory in use after: 175.0 MB.

Unloading 16 unused Assets to reduce memory usage. Loaded Objects now: 5081.
Total: 4.513900 ms (FindLiveObjects: 0.390300 ms CreateObjectMapping: 0.256000 ms MarkObjects: 3.723900 ms  DeleteObjects: 0.141600 ms)

========================================================================
Received Import Request.
  Time since last request: 266.496872 seconds.
  path: Assets/Prefabs/Barracks.prefab
  artifactKey: Guid(809f6bdabf29e6642b09e257c92acb0a) Importer(815301076,1909f56bfc062723c751e8b465ee728b)
Start importing Assets/Prefabs/Barracks.prefab using Guid(809f6bdabf29e6642b09e257c92acb0a) Importer(815301076,1909f56bfc062723c751e8b465ee728b)  -> (artifact id: '9a8c0625f7ea4f1ce2f35e8c3d82d69f') in 0.270995 seconds 
========================================================================
Received Import Request.
  Time since last request: 1.484016 seconds.
  path: Assets/Prefabs/Barracks.prefab
  artifactKey: Guid(809f6bdabf29e6642b09e257c92acb0a) Importer(815301076,1909f56bfc062723c751e8b465ee728b)
Start importing Assets/Prefabs/Barracks.prefab using Guid(809f6bdabf29e6642b09e257c92acb0a) Importer(815301076,1909f56bfc062723c751e8b465ee728b)  -> (artifact id: 'db6d535ed9329a9c0f905d9f032960d1') in 0.041579 seconds 
========================================================================
Received Import Request.
  Time since last request: 2.979508 seconds.
  path: Assets/Prefabs/ArcheryRange.prefab
  artifactKey: Guid(c9cc39c57f2ed3f40bc695bd1e6fc530) Importer(815301076,1909f56bfc062723c751e8b465ee728b)
Start importing Assets/Prefabs/ArcheryRange.prefab using Guid(c9cc39c57f2ed3f40bc695bd1e6fc530) Importer(815301076,1909f56bfc062723c751e8b465ee728b)  -> (artifact id: '2604f1552dcfe4190a9023443d9dcc46') in 0.032224 seconds 
========================================================================
Received Import Request.
  Time since last request: 2.176758 seconds.
  path: Assets/Prefabs/ArcheryRange.prefab
  artifactKey: Guid(c9cc39c57f2ed3f40bc695bd1e6fc530) Importer(815301076,1909f56bfc062723c751e8b465ee728b)
Start importing Assets/Prefabs/ArcheryRange.prefab using Guid(c9cc39c57f2ed3f40bc695bd1e6fc530) Importer(815301076,1909f56bfc062723c751e8b465ee728b)  -> (artifact id: '2057ce192dcbac7bd1b4ea5d1eb9b820') in 0.028825 seconds 
========================================================================
Received Import Request.
  Time since last request: 4.347974 seconds.
  path: Assets/Prefabs/Temple.prefab
  artifactKey: Guid(257c36affca64ff4fb5a93eb46f4aa13) Importer(815301076,1909f56bfc062723c751e8b465ee728b)
Start importing Assets/Prefabs/Temple.prefab using Guid(257c36affca64ff4fb5a93eb46f4aa13) Importer(815301076,1909f56bfc062723c751e8b465ee728b)  -> (artifact id: '2ce7fb3d3a0954b36ba53a8bfd5a4fd7') in 0.033956 seconds 
========================================================================
Received Import Request.
  Time since last request: 3.148749 seconds.
  path: Assets/Prefabs/Temple.prefab
  artifactKey: Guid(257c36affca64ff4fb5a93eb46f4aa13) Importer(815301076,1909f56bfc062723c751e8b465ee728b)
Start importing Assets/Prefabs/Temple.prefab using Guid(257c36affca64ff4fb5a93eb46f4aa13) Importer(815301076,1909f56bfc062723c751e8b465ee728b)  -> (artifact id: '16a75f7c427939d19f0f7da997bb20f2') in 0.020145 seconds 
========================================================================
Received Prepare
Registering precompiled user dll's ...
Registered in 0.005408 seconds.
Begin MonoManager ReloadAssembly
Symbol file data-000001F9594BE040 doesn't match image D:\Files\Game Dev\Base-Build-Roguelike\BaseBuildRoguelike\Library\ScriptAssemblies\Unity.2D.Animation.Editor.dll
Symbol file LoadedFromMemory is not a mono symbol file
Symbol file data-000001F9567B7010 doesn't match image D:\Files\Game Dev\Base-Build-Roguelike\BaseBuildRoguelike\Library\ScriptAssemblies\Unity.2D.Animation.Runtime.dll
Symbol file LoadedFromMemory is not a mono symbol file
Symbol file data-000001F957D25020 doesn't match image D:\Files\Game Dev\Base-Build-Roguelike\BaseBuildRoguelike\Library\ScriptAssemblies\Unity.2D.SpriteShape.Runtime.dll
Symbol file LoadedFromMemory is not a mono symbol file
Symbol file LoadedFromMemory doesn't match image D:\Files\Game Dev\Base-Build-Roguelike\BaseBuildRoguelike\Library\PackageCache\com.unity.visualscripting@1.6.1\Editor\VisualScripting.Core\Dependencies\YamlDotNet\Unity.VisualScripting.YamlDotNet.dll
Symbol file LoadedFromMemory doesn't match image D:\Files\Game Dev\Base-Build-Roguelike\BaseBuildRoguelike\Library\PackageCache\com.unity.visualscripting@1.6.1\Editor\VisualScripting.Core\Dependencies\DotNetZip\Unity.VisualScripting.IonicZip.dll
Native extension for LinuxStandalone target not found
Native extension for WindowsStandalone target not found
Native extension for OSXStandalone target not found
Native extension for WebGL target not found
Refreshing native plugins compatible for Editor in 1.05 ms, found 2 plugins.
Preloading 0 native plugins for Editor in 0.00 ms.
Mono: successfully reloaded assembly
- Completed reload, in  1.863 seconds
Platform modules already initialized, skipping
Shader 'Universal Render Pipeline/Particles/Lit': fallback shader 'Universal Render Pipeline/Particles/SimpleLit' not found
Refreshing native plugins compatible for Editor in 1.08 ms, found 2 plugins.
Preloading 0 native plugins for Editor in 0.00 ms.
Unloading 4484 Unused Serialized files (Serialized files now loaded: 0)
System memory in use before: 175.0 MB.
System memory in use after: 175.1 MB.

Unloading 16 unused Assets to reduce memory usage. Loaded Objects now: 5123.
Total: 3.779300 ms (FindLiveObjects: 0.389400 ms CreateObjectMapping: 0.199500 ms MarkObjects: 3.051900 ms  DeleteObjects: 0.137200 ms)

========================================================================
Received Prepare
Registering precompiled user dll's ...
Registered in 0.007895 seconds.
Begin MonoManager ReloadAssembly
Symbol file data-000001F9594BE040 doesn't match image D:\Files\Game Dev\Base-Build-Roguelike\BaseBuildRoguelike\Library\ScriptAssemblies\Unity.2D.Animation.Editor.dll
Symbol file LoadedFromMemory is not a mono symbol file
Symbol file data-000001F9567B7010 doesn't match image D:\Files\Game Dev\Base-Build-Roguelike\BaseBuildRoguelike\Library\ScriptAssemblies\Unity.2D.Animation.Runtime.dll
Symbol file LoadedFromMemory is not a mono symbol file
Symbol file data-000001F95CD1C970 doesn't match image D:\Files\Game Dev\Base-Build-Roguelike\BaseBuildRoguelike\Library\ScriptAssemblies\Unity.2D.SpriteShape.Runtime.dll
Symbol file LoadedFromMemory is not a mono symbol file
Symbol file LoadedFromMemory doesn't match image D:\Files\Game Dev\Base-Build-Roguelike\BaseBuildRoguelike\Library\PackageCache\com.unity.visualscripting@1.6.1\Editor\VisualScripting.Core\Dependencies\YamlDotNet\Unity.VisualScripting.YamlDotNet.dll
Symbol file LoadedFromMemory doesn't match image D:\Files\Game Dev\Base-Build-Roguelike\BaseBuildRoguelike\Library\PackageCache\com.unity.visualscripting@1.6.1\Editor\VisualScripting.Core\Dependencies\DotNetZip\Unity.VisualScripting.IonicZip.dll
Native extension for LinuxStandalone target not found
Native extension for WindowsStandalone target not found
Native extension for OSXStandalone target not found
Native extension for WebGL target not found
Refreshing native plugins compatible for Editor in 1.05 ms, found 2 plugins.
Preloading 0 native plugins for Editor in 0.00 ms.
Mono: successfully reloaded assembly
- Completed reload, in  1.829 seconds
Platform modules already initialized, skipping
Shader 'Universal Render Pipeline/Particles/Lit': fallback shader 'Universal Render Pipeline/Particles/SimpleLit' not found
Refreshing native plugins compatible for Editor in 1.30 ms, found 2 plugins.
Preloading 0 native plugins for Editor in 0.00 ms.
Unloading 4484 Unused Serialized files (Serialized files now loaded: 0)
System memory in use before: 175.0 MB.
System memory in use after: 175.1 MB.

Unloading 16 unused Assets to reduce memory usage. Loaded Objects now: 5127.
Total: 6.806100 ms (FindLiveObjects: 0.767400 ms CreateObjectMapping: 1.164000 ms MarkObjects: 4.736400 ms  DeleteObjects: 0.136200 ms)

========================================================================
Received Import Request.
  Time since last request: 46.074493 seconds.
  path: Assets/Prefabs/Barracks.prefab
  artifactKey: Guid(809f6bdabf29e6642b09e257c92acb0a) Importer(815301076,1909f56bfc062723c751e8b465ee728b)
Start importing Assets/Prefabs/Barracks.prefab using Guid(809f6bdabf29e6642b09e257c92acb0a) Importer(815301076,1909f56bfc062723c751e8b465ee728b)  -> (artifact id: '5ca78554044b8195da2cb840208c0859') in 0.353595 seconds 
========================================================================
Received Import Request.
  Time since last request: 6.490083 seconds.
  path: Assets/Prefabs/Temple.prefab
  artifactKey: Guid(257c36affca64ff4fb5a93eb46f4aa13) Importer(815301076,1909f56bfc062723c751e8b465ee728b)
Start importing Assets/Prefabs/Temple.prefab using Guid(257c36affca64ff4fb5a93eb46f4aa13) Importer(815301076,1909f56bfc062723c751e8b465ee728b)  -> (artifact id: 'fb96bb381c60693b86016044bf04e9ed') in 0.047191 seconds 
========================================================================
Received Prepare
Registering precompiled user dll's ...
Registered in 0.007279 seconds.
Begin MonoManager ReloadAssembly
Symbol file data-000001F958382FD0 doesn't match image D:\Files\Game Dev\Base-Build-Roguelike\BaseBuildRoguelike\Library\ScriptAssemblies\Unity.2D.Animation.Editor.dll
Symbol file LoadedFromMemory is not a mono symbol file
Symbol file data-000001F9567B7010 doesn't match image D:\Files\Game Dev\Base-Build-Roguelike\BaseBuildRoguelike\Library\ScriptAssemblies\Unity.2D.Animation.Runtime.dll
Symbol file LoadedFromMemory is not a mono symbol file
Symbol file data-000001F959F00050 doesn't match image D:\Files\Game Dev\Base-Build-Roguelike\BaseBuildRoguelike\Library\ScriptAssemblies\Unity.2D.SpriteShape.Runtime.dll
Symbol file LoadedFromMemory is not a mono symbol file
Symbol file LoadedFromMemory doesn't match image D:\Files\Game Dev\Base-Build-Roguelike\BaseBuildRoguelike\Library\PackageCache\com.unity.visualscripting@1.6.1\Editor\VisualScripting.Core\Dependencies\YamlDotNet\Unity.VisualScripting.YamlDotNet.dll
Symbol file LoadedFromMemory doesn't match image D:\Files\Game Dev\Base-Build-Roguelike\BaseBuildRoguelike\Library\PackageCache\com.unity.visualscripting@1.6.1\Editor\VisualScripting.Core\Dependencies\DotNetZip\Unity.VisualScripting.IonicZip.dll
Native extension for LinuxStandalone target not found
Native extension for WindowsStandalone target not found
Native extension for OSXStandalone target not found
Native extension for WebGL target not found
Refreshing native plugins compatible for Editor in 1.62 ms, found 2 plugins.
Preloading 0 native plugins for Editor in 0.00 ms.
Mono: successfully reloaded assembly
- Completed reload, in  1.834 seconds
Platform modules already initialized, skipping
Shader 'Universal Render Pipeline/Particles/Lit': fallback shader 'Universal Render Pipeline/Particles/SimpleLit' not found
Refreshing native plugins compatible for Editor in 1.03 ms, found 2 plugins.
Preloading 0 native plugins for Editor in 0.00 ms.
Unloading 4484 Unused Serialized files (Serialized files now loaded: 0)
System memory in use before: 175.1 MB.
System memory in use after: 175.2 MB.

Unloading 16 unused Assets to reduce memory usage. Loaded Objects now: 5169.
Total: 4.789500 ms (FindLiveObjects: 0.427500 ms CreateObjectMapping: 0.216000 ms MarkObjects: 3.996900 ms  DeleteObjects: 0.147400 ms)

========================================================================
Received Prepare
Registering precompiled user dll's ...
Registered in 0.009019 seconds.
Begin MonoManager ReloadAssembly
Symbol file data-000001F7A04F2030 doesn't match image D:\Files\Game Dev\Base-Build-Roguelike\BaseBuildRoguelike\Library\ScriptAssemblies\Unity.2D.Animation.Editor.dll
Symbol file LoadedFromMemory is not a mono symbol file
Symbol file data-000001F9567B7010 doesn't match image D:\Files\Game Dev\Base-Build-Roguelike\BaseBuildRoguelike\Library\ScriptAssemblies\Unity.2D.Animation.Runtime.dll
Symbol file LoadedFromMemory is not a mono symbol file
Symbol file data-000001F95B3FBB10 doesn't match image D:\Files\Game Dev\Base-Build-Roguelike\BaseBuildRoguelike\Library\ScriptAssemblies\Unity.2D.SpriteShape.Runtime.dll
Symbol file LoadedFromMemory is not a mono symbol file
Symbol file LoadedFromMemory doesn't match image D:\Files\Game Dev\Base-Build-Roguelike\BaseBuildRoguelike\Library\PackageCache\com.unity.visualscripting@1.6.1\Editor\VisualScripting.Core\Dependencies\YamlDotNet\Unity.VisualScripting.YamlDotNet.dll
Symbol file LoadedFromMemory doesn't match image D:\Files\Game Dev\Base-Build-Roguelike\BaseBuildRoguelike\Library\PackageCache\com.unity.visualscripting@1.6.1\Editor\VisualScripting.Core\Dependencies\DotNetZip\Unity.VisualScripting.IonicZip.dll
Native extension for LinuxStandalone target not found
Native extension for WindowsStandalone target not found
Native extension for OSXStandalone target not found
Native extension for WebGL target not found
Refreshing native plugins compatible for Editor in 1.04 ms, found 2 plugins.
Preloading 0 native plugins for Editor in 0.00 ms.
Mono: successfully reloaded assembly
- Completed reload, in  2.160 seconds
Platform modules already initialized, skipping
Shader 'Universal Render Pipeline/Particles/Lit': fallback shader 'Universal Render Pipeline/Particles/SimpleLit' not found
Refreshing native plugins compatible for Editor in 1.02 ms, found 2 plugins.
Preloading 0 native plugins for Editor in 0.00 ms.
Unloading 4484 Unused Serialized files (Serialized files now loaded: 0)
System memory in use before: 175.1 MB.
System memory in use after: 175.2 MB.

Unloading 16 unused Assets to reduce memory usage. Loaded Objects now: 5173.
Total: 3.478500 ms (FindLiveObjects: 0.392800 ms CreateObjectMapping: 0.203100 ms MarkObjects: 2.744000 ms  DeleteObjects: 0.136900 ms)

========================================================================
Received Import Request.
  Time since last request: 1260.557071 seconds.
  path: Assets/Sprites/ModifyIcons.png
  artifactKey: Guid(7e2ee402477d0334dab29b19fd517e91) Importer(815301076,1909f56bfc062723c751e8b465ee728b)
Start importing Assets/Sprites/ModifyIcons.png using Guid(7e2ee402477d0334dab29b19fd517e91) Importer(815301076,1909f56bfc062723c751e8b465ee728b)  -> (artifact id: '5c37d469509d6cc4e728ea191f7a8f86') in 0.243973 seconds 
========================================================================
Received Import Request.
  Time since last request: 11.712984 seconds.
  path: Assets/Sprites/ModifyIcons.png
  artifactKey: Guid(7e2ee402477d0334dab29b19fd517e91) Importer(815301076,1909f56bfc062723c751e8b465ee728b)
Start importing Assets/Sprites/ModifyIcons.png using Guid(7e2ee402477d0334dab29b19fd517e91) Importer(815301076,1909f56bfc062723c751e8b465ee728b)  -> (artifact id: 'd29923a205980c4ea27c86d78cdb24d5') in 0.031197 seconds 
========================================================================
Received Import Request.
  Time since last request: 8.284523 seconds.
  path: Assets/Sprites/ModifyIcons.png
  artifactKey: Guid(7e2ee402477d0334dab29b19fd517e91) Importer(815301076,1909f56bfc062723c751e8b465ee728b)
Start importing Assets/Sprites/ModifyIcons.png using Guid(7e2ee402477d0334dab29b19fd517e91) Importer(815301076,1909f56bfc062723c751e8b465ee728b)  -> (artifact id: '3e5ceb485567386843900bfdba99cbcf') in 0.034711 seconds 
========================================================================
Received Import Request.
  Time since last request: 5.434842 seconds.
  path: Assets/Sprites/ModifyIcons.png
  artifactKey: Guid(7e2ee402477d0334dab29b19fd517e91) Importer(815301076,1909f56bfc062723c751e8b465ee728b)
Start importing Assets/Sprites/ModifyIcons.png using Guid(7e2ee402477d0334dab29b19fd517e91) Importer(815301076,1909f56bfc062723c751e8b465ee728b)  -> (artifact id: '4d55da9cf42d3182cf864f88f2644dc5') in 0.045906 seconds 
========================================================================
Received Prepare
Registering precompiled user dll's ...
Registered in 0.008958 seconds.
Begin MonoManager ReloadAssembly
Symbol file data-000001F9594BE040 doesn't match image D:\Files\Game Dev\Base-Build-Roguelike\BaseBuildRoguelike\Library\ScriptAssemblies\Unity.2D.Animation.Editor.dll
Symbol file LoadedFromMemory is not a mono symbol file
Symbol file data-000001F9567B7010 doesn't match image D:\Files\Game Dev\Base-Build-Roguelike\BaseBuildRoguelike\Library\ScriptAssemblies\Unity.2D.Animation.Runtime.dll
Symbol file LoadedFromMemory is not a mono symbol file
Symbol file data-000001F95B433A70 doesn't match image D:\Files\Game Dev\Base-Build-Roguelike\BaseBuildRoguelike\Library\ScriptAssemblies\Unity.2D.SpriteShape.Runtime.dll
Symbol file LoadedFromMemory is not a mono symbol file
Symbol file LoadedFromMemory doesn't match image D:\Files\Game Dev\Base-Build-Roguelike\BaseBuildRoguelike\Library\PackageCache\com.unity.visualscripting@1.6.1\Editor\VisualScripting.Core\Dependencies\YamlDotNet\Unity.VisualScripting.YamlDotNet.dll
Symbol file LoadedFromMemory doesn't match image D:\Files\Game Dev\Base-Build-Roguelike\BaseBuildRoguelike\Library\PackageCache\com.unity.visualscripting@1.6.1\Editor\VisualScripting.Core\Dependencies\DotNetZip\Unity.VisualScripting.IonicZip.dll
Native extension for LinuxStandalone target not found
Native extension for WindowsStandalone target not found
Native extension for OSXStandalone target not found
Native extension for WebGL target not found
Refreshing native plugins compatible for Editor in 1.09 ms, found 2 plugins.
Preloading 0 native plugins for Editor in 0.00 ms.
Mono: successfully reloaded assembly
- Completed reload, in  2.443 seconds
Platform modules already initialized, skipping
Shader 'Universal Render Pipeline/Particles/Lit': fallback shader 'Universal Render Pipeline/Particles/SimpleLit' not found
Refreshing native plugins compatible for Editor in 1.07 ms, found 2 plugins.
Preloading 0 native plugins for Editor in 0.00 ms.
Unloading 4485 Unused Serialized files (Serialized files now loaded: 0)
System memory in use before: 176.7 MB.
System memory in use after: 176.8 MB.

Unloading 16 unused Assets to reduce memory usage. Loaded Objects now: 5240.
Total: 4.621500 ms (FindLiveObjects: 0.578300 ms CreateObjectMapping: 0.471100 ms MarkObjects: 3.425900 ms  DeleteObjects: 0.144500 ms)

========================================================================
Received Prepare
Registering precompiled user dll's ...
Registered in 0.005435 seconds.
Begin MonoManager ReloadAssembly
Symbol file data-000001F9594BE040 doesn't match image D:\Files\Game Dev\Base-Build-Roguelike\BaseBuildRoguelike\Library\ScriptAssemblies\Unity.2D.Animation.Editor.dll
Symbol file LoadedFromMemory is not a mono symbol file
Symbol file data-000001F9567B7010 doesn't match image D:\Files\Game Dev\Base-Build-Roguelike\BaseBuildRoguelike\Library\ScriptAssemblies\Unity.2D.Animation.Runtime.dll
Symbol file LoadedFromMemory is not a mono symbol file
Symbol file data-000001F95B433A70 doesn't match image D:\Files\Game Dev\Base-Build-Roguelike\BaseBuildRoguelike\Library\ScriptAssemblies\Unity.2D.SpriteShape.Runtime.dll
Symbol file LoadedFromMemory is not a mono symbol file
Symbol file LoadedFromMemory doesn't match image D:\Files\Game Dev\Base-Build-Roguelike\BaseBuildRoguelike\Library\PackageCache\com.unity.visualscripting@1.6.1\Editor\VisualScripting.Core\Dependencies\YamlDotNet\Unity.VisualScripting.YamlDotNet.dll
Symbol file LoadedFromMemory doesn't match image D:\Files\Game Dev\Base-Build-Roguelike\BaseBuildRoguelike\Library\PackageCache\com.unity.visualscripting@1.6.1\Editor\VisualScripting.Core\Dependencies\DotNetZip\Unity.VisualScripting.IonicZip.dll
Native extension for LinuxStandalone target not found
Native extension for WindowsStandalone target not found
Native extension for OSXStandalone target not found
Native extension for WebGL target not found
Refreshing native plugins compatible for Editor in 1.03 ms, found 2 plugins.
Preloading 0 native plugins for Editor in 0.00 ms.
Mono: successfully reloaded assembly
- Completed reload, in  1.666 seconds
Platform modules already initialized, skipping
Shader 'Universal Render Pipeline/Particles/Lit': fallback shader 'Universal Render Pipeline/Particles/SimpleLit' not found
Refreshing native plugins compatible for Editor in 1.80 ms, found 2 plugins.
Preloading 0 native plugins for Editor in 0.00 ms.
Unloading 4484 Unused Serialized files (Serialized files now loaded: 0)
System memory in use before: 176.6 MB.
System memory in use after: 176.7 MB.

Unloading 16 unused Assets to reduce memory usage. Loaded Objects now: 5244.
Total: 4.365800 ms (FindLiveObjects: 0.527100 ms CreateObjectMapping: 0.295200 ms MarkObjects: 3.396000 ms  DeleteObjects: 0.145500 ms)

========================================================================
Received Prepare
Registering precompiled user dll's ...
Registered in 0.009971 seconds.
Begin MonoManager ReloadAssembly
Symbol file data-000001F97F6F0080 doesn't match image D:\Files\Game Dev\Base-Build-Roguelike\BaseBuildRoguelike\Library\ScriptAssemblies\Unity.2D.Animation.Editor.dll
Symbol file LoadedFromMemory is not a mono symbol file
Symbol file data-000001F95A7E3030 doesn't match image D:\Files\Game Dev\Base-Build-Roguelike\BaseBuildRoguelike\Library\ScriptAssemblies\Unity.2D.Animation.Runtime.dll
Symbol file LoadedFromMemory is not a mono symbol file
Symbol file data-000001F95905F050 doesn't match image D:\Files\Game Dev\Base-Build-Roguelike\BaseBuildRoguelike\Library\ScriptAssemblies\Unity.2D.SpriteShape.Runtime.dll
Symbol file LoadedFromMemory is not a mono symbol file
Symbol file LoadedFromMemory doesn't match image D:\Files\Game Dev\Base-Build-Roguelike\BaseBuildRoguelike\Library\PackageCache\com.unity.visualscripting@1.6.1\Editor\VisualScripting.Core\Dependencies\YamlDotNet\Unity.VisualScripting.YamlDotNet.dll
Symbol file LoadedFromMemory doesn't match image D:\Files\Game Dev\Base-Build-Roguelike\BaseBuildRoguelike\Library\PackageCache\com.unity.visualscripting@1.6.1\Editor\VisualScripting.Core\Dependencies\DotNetZip\Unity.VisualScripting.IonicZip.dll
Native extension for LinuxStandalone target not found
Native extension for WindowsStandalone target not found
Native extension for OSXStandalone target not found
Native extension for WebGL target not found
Refreshing native plugins compatible for Editor in 1.03 ms, found 2 plugins.
Preloading 0 native plugins for Editor in 0.00 ms.
Mono: successfully reloaded assembly
- Completed reload, in  2.053 seconds
Platform modules already initialized, skipping
Shader 'Universal Render Pipeline/Particles/Lit': fallback shader 'Universal Render Pipeline/Particles/SimpleLit' not found
Refreshing native plugins compatible for Editor in 1.01 ms, found 2 plugins.
Preloading 0 native plugins for Editor in 0.00 ms.
Unloading 4484 Unused Serialized files (Serialized files now loaded: 0)
System memory in use before: 176.6 MB.
System memory in use after: 176.8 MB.

Unloading 16 unused Assets to reduce memory usage. Loaded Objects now: 5248.
Total: 3.879800 ms (FindLiveObjects: 0.390500 ms CreateObjectMapping: 0.200000 ms MarkObjects: 3.138500 ms  DeleteObjects: 0.149200 ms)

========================================================================
Received Prepare
Registering precompiled user dll's ...
Registered in 0.006176 seconds.
Begin MonoManager ReloadAssembly
Symbol file data-000001F97F6F0080 doesn't match image D:\Files\Game Dev\Base-Build-Roguelike\BaseBuildRoguelike\Library\ScriptAssemblies\Unity.2D.Animation.Editor.dll
Symbol file LoadedFromMemory is not a mono symbol file
Symbol file data-000001F95B680020 doesn't match image D:\Files\Game Dev\Base-Build-Roguelike\BaseBuildRoguelike\Library\ScriptAssemblies\Unity.2D.Animation.Runtime.dll
Symbol file LoadedFromMemory is not a mono symbol file
Symbol file data-000001F95905F050 doesn't match image D:\Files\Game Dev\Base-Build-Roguelike\BaseBuildRoguelike\Library\ScriptAssemblies\Unity.2D.SpriteShape.Runtime.dll
Symbol file LoadedFromMemory is not a mono symbol file
Symbol file LoadedFromMemory doesn't match image D:\Files\Game Dev\Base-Build-Roguelike\BaseBuildRoguelike\Library\PackageCache\com.unity.visualscripting@1.6.1\Editor\VisualScripting.Core\Dependencies\YamlDotNet\Unity.VisualScripting.YamlDotNet.dll
Symbol file LoadedFromMemory doesn't match image D:\Files\Game Dev\Base-Build-Roguelike\BaseBuildRoguelike\Library\PackageCache\com.unity.visualscripting@1.6.1\Editor\VisualScripting.Core\Dependencies\DotNetZip\Unity.VisualScripting.IonicZip.dll
Native extension for LinuxStandalone target not found
Native extension for WindowsStandalone target not found
Native extension for OSXStandalone target not found
Native extension for WebGL target not found
Refreshing native plugins compatible for Editor in 1.02 ms, found 2 plugins.
Preloading 0 native plugins for Editor in 0.00 ms.
Mono: successfully reloaded assembly
- Completed reload, in  1.911 seconds
Platform modules already initialized, skipping
Shader 'Universal Render Pipeline/Particles/Lit': fallback shader 'Universal Render Pipeline/Particles/SimpleLit' not found
Refreshing native plugins compatible for Editor in 1.03 ms, found 2 plugins.
Preloading 0 native plugins for Editor in 0.00 ms.
Unloading 4484 Unused Serialized files (Serialized files now loaded: 0)
System memory in use before: 176.6 MB.
System memory in use after: 176.8 MB.

Unloading 16 unused Assets to reduce memory usage. Loaded Objects now: 5252.
Total: 4.101300 ms (FindLiveObjects: 0.413700 ms CreateObjectMapping: 0.206200 ms MarkObjects: 3.330800 ms  DeleteObjects: 0.148600 ms)

========================================================================
Received Prepare
Registering precompiled user dll's ...
Registered in 0.006259 seconds.
Begin MonoManager ReloadAssembly
Symbol file data-000001F958E7D060 doesn't match image D:\Files\Game Dev\Base-Build-Roguelike\BaseBuildRoguelike\Library\ScriptAssemblies\Unity.2D.Animation.Editor.dll
Symbol file LoadedFromMemory is not a mono symbol file
Symbol file data-000001F9567B7010 doesn't match image D:\Files\Game Dev\Base-Build-Roguelike\BaseBuildRoguelike\Library\ScriptAssemblies\Unity.2D.Animation.Runtime.dll
Symbol file LoadedFromMemory is not a mono symbol file
Symbol file data-000001F9583B2FF0 doesn't match image D:\Files\Game Dev\Base-Build-Roguelike\BaseBuildRoguelike\Library\ScriptAssemblies\Unity.2D.SpriteShape.Runtime.dll
Symbol file LoadedFromMemory is not a mono symbol file
Symbol file LoadedFromMemory doesn't match image D:\Files\Game Dev\Base-Build-Roguelike\BaseBuildRoguelike\Library\PackageCache\com.unity.visualscripting@1.6.1\Editor\VisualScripting.Core\Dependencies\YamlDotNet\Unity.VisualScripting.YamlDotNet.dll
Symbol file LoadedFromMemory doesn't match image D:\Files\Game Dev\Base-Build-Roguelike\BaseBuildRoguelike\Library\PackageCache\com.unity.visualscripting@1.6.1\Editor\VisualScripting.Core\Dependencies\DotNetZip\Unity.VisualScripting.IonicZip.dll
Native extension for LinuxStandalone target not found
Native extension for WindowsStandalone target not found
Native extension for OSXStandalone target not found
Native extension for WebGL target not found
Refreshing native plugins compatible for Editor in 1.02 ms, found 2 plugins.
Preloading 0 native plugins for Editor in 0.00 ms.
Mono: successfully reloaded assembly
- Completed reload, in  2.076 seconds
Platform modules already initialized, skipping
Shader 'Universal Render Pipeline/Particles/Lit': fallback shader 'Universal Render Pipeline/Particles/SimpleLit' not found
Refreshing native plugins compatible for Editor in 1.02 ms, found 2 plugins.
Preloading 0 native plugins for Editor in 0.00 ms.
Unloading 4484 Unused Serialized files (Serialized files now loaded: 0)
System memory in use before: 176.7 MB.
System memory in use after: 176.8 MB.

Unloading 16 unused Assets to reduce memory usage. Loaded Objects now: 5256.
Total: 3.807100 ms (FindLiveObjects: 0.394700 ms CreateObjectMapping: 0.206700 ms MarkObjects: 3.060600 ms  DeleteObjects: 0.143900 ms)

========================================================================
Received Prepare
Registering precompiled user dll's ...
Registered in 0.006569 seconds.
Begin MonoManager ReloadAssembly
Symbol file data-000001F958E7D060 doesn't match image D:\Files\Game Dev\Base-Build-Roguelike\BaseBuildRoguelike\Library\ScriptAssemblies\Unity.2D.Animation.Editor.dll
Symbol file LoadedFromMemory is not a mono symbol file
Symbol file data-000001F9567B7010 doesn't match image D:\Files\Game Dev\Base-Build-Roguelike\BaseBuildRoguelike\Library\ScriptAssemblies\Unity.2D.Animation.Runtime.dll
Symbol file LoadedFromMemory is not a mono symbol file
Symbol file data-000001F9583B2FF0 doesn't match image D:\Files\Game Dev\Base-Build-Roguelike\BaseBuildRoguelike\Library\ScriptAssemblies\Unity.2D.SpriteShape.Runtime.dll
Symbol file LoadedFromMemory is not a mono symbol file
Symbol file LoadedFromMemory doesn't match image D:\Files\Game Dev\Base-Build-Roguelike\BaseBuildRoguelike\Library\PackageCache\com.unity.visualscripting@1.6.1\Editor\VisualScripting.Core\Dependencies\YamlDotNet\Unity.VisualScripting.YamlDotNet.dll
Symbol file LoadedFromMemory doesn't match image D:\Files\Game Dev\Base-Build-Roguelike\BaseBuildRoguelike\Library\PackageCache\com.unity.visualscripting@1.6.1\Editor\VisualScripting.Core\Dependencies\DotNetZip\Unity.VisualScripting.IonicZip.dll
Native extension for LinuxStandalone target not found
Native extension for WindowsStandalone target not found
Native extension for OSXStandalone target not found
Native extension for WebGL target not found
Refreshing native plugins compatible for Editor in 1.70 ms, found 2 plugins.
Preloading 0 native plugins for Editor in 0.00 ms.
Mono: successfully reloaded assembly
- Completed reload, in  2.010 seconds
Platform modules already initialized, skipping
Shader 'Universal Render Pipeline/Particles/Lit': fallback shader 'Universal Render Pipeline/Particles/SimpleLit' not found
Refreshing native plugins compatible for Editor in 1.09 ms, found 2 plugins.
Preloading 0 native plugins for Editor in 0.00 ms.
Unloading 4484 Unused Serialized files (Serialized files now loaded: 0)
System memory in use before: 176.7 MB.
System memory in use after: 176.8 MB.

Unloading 16 unused Assets to reduce memory usage. Loaded Objects now: 5260.
Total: 4.801000 ms (FindLiveObjects: 0.641200 ms CreateObjectMapping: 0.529200 ms MarkObjects: 3.372400 ms  DeleteObjects: 0.256100 ms)

========================================================================
Received Import Request.
  Time since last request: 647.398226 seconds.
  path: Assets/Prefabs/Temple.prefab
  artifactKey: Guid(257c36affca64ff4fb5a93eb46f4aa13) Importer(815301076,1909f56bfc062723c751e8b465ee728b)
Start importing Assets/Prefabs/Temple.prefab using Guid(257c36affca64ff4fb5a93eb46f4aa13) Importer(815301076,1909f56bfc062723c751e8b465ee728b)  -> (artifact id: '52cf2b958649389d26bbf7a77408d43b') in 0.321524 seconds 
========================================================================
Received Prepare
Registering precompiled user dll's ...
Registered in 0.006715 seconds.
Begin MonoManager ReloadAssembly
Symbol file data-000001F97FA9A030 doesn't match image D:\Files\Game Dev\Base-Build-Roguelike\BaseBuildRoguelike\Library\ScriptAssemblies\Unity.2D.Animation.Editor.dll
Symbol file LoadedFromMemory is not a mono symbol file
Symbol file data-000001F9567B7010 doesn't match image D:\Files\Game Dev\Base-Build-Roguelike\BaseBuildRoguelike\Library\ScriptAssemblies\Unity.2D.Animation.Runtime.dll
Symbol file LoadedFromMemory is not a mono symbol file
Symbol file data-000001F7A0B72070 doesn't match image D:\Files\Game Dev\Base-Build-Roguelike\BaseBuildRoguelike\Library\ScriptAssemblies\Unity.2D.SpriteShape.Runtime.dll
Symbol file LoadedFromMemory is not a mono symbol file
Symbol file LoadedFromMemory doesn't match image D:\Files\Game Dev\Base-Build-Roguelike\BaseBuildRoguelike\Library\PackageCache\com.unity.visualscripting@1.6.1\Editor\VisualScripting.Core\Dependencies\YamlDotNet\Unity.VisualScripting.YamlDotNet.dll
Symbol file LoadedFromMemory doesn't match image D:\Files\Game Dev\Base-Build-Roguelike\BaseBuildRoguelike\Library\PackageCache\com.unity.visualscripting@1.6.1\Editor\VisualScripting.Core\Dependencies\DotNetZip\Unity.VisualScripting.IonicZip.dll
Native extension for LinuxStandalone target not found
Native extension for WindowsStandalone target not found
Native extension for OSXStandalone target not found
Native extension for WebGL target not found
Refreshing native plugins compatible for Editor in 1.88 ms, found 2 plugins.
Preloading 0 native plugins for Editor in 0.00 ms.
Mono: successfully reloaded assembly
- Completed reload, in  2.422 seconds
Platform modules already initialized, skipping
Shader 'Universal Render Pipeline/Particles/Lit': fallback shader 'Universal Render Pipeline/Particles/SimpleLit' not found
Refreshing native plugins compatible for Editor in 1.18 ms, found 2 plugins.
Preloading 0 native plugins for Editor in 0.00 ms.
Unloading 4484 Unused Serialized files (Serialized files now loaded: 0)
System memory in use before: 176.8 MB.
System memory in use after: 176.9 MB.

Unloading 16 unused Assets to reduce memory usage. Loaded Objects now: 5302.
Total: 5.024500 ms (FindLiveObjects: 0.875400 ms CreateObjectMapping: 0.512200 ms MarkObjects: 3.492500 ms  DeleteObjects: 0.142300 ms)

========================================================================
Received Import Request.
  Time since last request: 379.506613 seconds.
  path: Assets/Scenes/MenuScene.unity
  artifactKey: Guid(3667956e8ba3e5249b3783ec2be2873f) Importer(815301076,1909f56bfc062723c751e8b465ee728b)
Start importing Assets/Scenes/MenuScene.unity using Guid(3667956e8ba3e5249b3783ec2be2873f) Importer(815301076,1909f56bfc062723c751e8b465ee728b)  -> (artifact id: 'a69cb33c0de53f0d6af421dc77281937') in 0.033705 seconds 
========================================================================
Received Prepare
Registering precompiled user dll's ...
Registered in 0.005884 seconds.
Begin MonoManager ReloadAssembly
Symbol file data-000001F7A0800090 doesn't match image D:\Files\Game Dev\Base-Build-Roguelike\BaseBuildRoguelike\Library\ScriptAssemblies\Unity.2D.Animation.Editor.dll
Symbol file LoadedFromMemory is not a mono symbol file
Symbol file data-000001F9567B7010 doesn't match image D:\Files\Game Dev\Base-Build-Roguelike\BaseBuildRoguelike\Library\ScriptAssemblies\Unity.2D.Animation.Runtime.dll
Symbol file LoadedFromMemory is not a mono symbol file
Symbol file data-000001F95B0F4350 doesn't match image D:\Files\Game Dev\Base-Build-Roguelike\BaseBuildRoguelike\Library\ScriptAssemblies\Unity.2D.SpriteShape.Runtime.dll
Symbol file LoadedFromMemory is not a mono symbol file
Symbol file LoadedFromMemory doesn't match image D:\Files\Game Dev\Base-Build-Roguelike\BaseBuildRoguelike\Library\PackageCache\com.unity.visualscripting@1.6.1\Editor\VisualScripting.Core\Dependencies\YamlDotNet\Unity.VisualScripting.YamlDotNet.dll
Symbol file LoadedFromMemory doesn't match image D:\Files\Game Dev\Base-Build-Roguelike\BaseBuildRoguelike\Library\PackageCache\com.unity.visualscripting@1.6.1\Editor\VisualScripting.Core\Dependencies\DotNetZip\Unity.VisualScripting.IonicZip.dll
Native extension for LinuxStandalone target not found
Native extension for WindowsStandalone target not found
Native extension for OSXStandalone target not found
Native extension for WebGL target not found
Refreshing native plugins compatible for Editor in 1.03 ms, found 2 plugins.
Preloading 0 native plugins for Editor in 0.00 ms.
Mono: successfully reloaded assembly
- Completed reload, in  1.898 seconds
Platform modules already initialized, skipping
Shader 'Universal Render Pipeline/Particles/Lit': fallback shader 'Universal Render Pipeline/Particles/SimpleLit' not found
Refreshing native plugins compatible for Editor in 1.06 ms, found 2 plugins.
Preloading 0 native plugins for Editor in 0.00 ms.
Unloading 4484 Unused Serialized files (Serialized files now loaded: 0)
System memory in use before: 176.7 MB.
System memory in use after: 176.9 MB.

Unloading 16 unused Assets to reduce memory usage. Loaded Objects now: 5306.
Total: 4.629400 ms (FindLiveObjects: 0.611400 ms CreateObjectMapping: 0.479100 ms MarkObjects: 3.396400 ms  DeleteObjects: 0.141200 ms)

========================================================================
Received Prepare
Registering precompiled user dll's ...
Registered in 0.006920 seconds.
Begin MonoManager ReloadAssembly
Symbol file data-000001F7A0800090 doesn't match image D:\Files\Game Dev\Base-Build-Roguelike\BaseBuildRoguelike\Library\ScriptAssemblies\Unity.2D.Animation.Editor.dll
Symbol file LoadedFromMemory is not a mono symbol file
Symbol file data-000001F9567B7010 doesn't match image D:\Files\Game Dev\Base-Build-Roguelike\BaseBuildRoguelike\Library\ScriptAssemblies\Unity.2D.Animation.Runtime.dll
Symbol file LoadedFromMemory is not a mono symbol file
Symbol file data-000001F95B595050 doesn't match image D:\Files\Game Dev\Base-Build-Roguelike\BaseBuildRoguelike\Library\ScriptAssemblies\Unity.2D.SpriteShape.Runtime.dll
Symbol file LoadedFromMemory is not a mono symbol file
Symbol file LoadedFromMemory doesn't match image D:\Files\Game Dev\Base-Build-Roguelike\BaseBuildRoguelike\Library\PackageCache\com.unity.visualscripting@1.6.1\Editor\VisualScripting.Core\Dependencies\YamlDotNet\Unity.VisualScripting.YamlDotNet.dll
Symbol file LoadedFromMemory doesn't match image D:\Files\Game Dev\Base-Build-Roguelike\BaseBuildRoguelike\Library\PackageCache\com.unity.visualscripting@1.6.1\Editor\VisualScripting.Core\Dependencies\DotNetZip\Unity.VisualScripting.IonicZip.dll
Native extension for LinuxStandalone target not found
Native extension for WindowsStandalone target not found
Native extension for OSXStandalone target not found
Native extension for WebGL target not found
Refreshing native plugins compatible for Editor in 1.04 ms, found 2 plugins.
Preloading 0 native plugins for Editor in 0.00 ms.
Mono: successfully reloaded assembly
- Completed reload, in  2.328 seconds
Platform modules already initialized, skipping
Shader 'Universal Render Pipeline/Particles/Lit': fallback shader 'Universal Render Pipeline/Particles/SimpleLit' not found
Refreshing native plugins compatible for Editor in 1.03 ms, found 2 plugins.
Preloading 0 native plugins for Editor in 0.00 ms.
Unloading 4484 Unused Serialized files (Serialized files now loaded: 0)
System memory in use before: 176.7 MB.
System memory in use after: 176.9 MB.

Unloading 16 unused Assets to reduce memory usage. Loaded Objects now: 5310.
Total: 7.470100 ms (FindLiveObjects: 0.432500 ms CreateObjectMapping: 0.222000 ms MarkObjects: 6.662600 ms  DeleteObjects: 0.151100 ms)

========================================================================
Received Prepare
Registering precompiled user dll's ...
Registered in 0.005966 seconds.
Begin MonoManager ReloadAssembly
Symbol file data-000001F7A0532050 doesn't match image D:\Files\Game Dev\Base-Build-Roguelike\BaseBuildRoguelike\Library\ScriptAssemblies\Unity.2D.Animation.Editor.dll
Symbol file LoadedFromMemory is not a mono symbol file
Symbol file data-000001F9567B7010 doesn't match image D:\Files\Game Dev\Base-Build-Roguelike\BaseBuildRoguelike\Library\ScriptAssemblies\Unity.2D.Animation.Runtime.dll
Symbol file LoadedFromMemory is not a mono symbol file
Symbol file data-000001F7A0D4E060 doesn't match image D:\Files\Game Dev\Base-Build-Roguelike\BaseBuildRoguelike\Library\ScriptAssemblies\Unity.2D.SpriteShape.Runtime.dll
Symbol file LoadedFromMemory is not a mono symbol file
Symbol file LoadedFromMemory doesn't match image D:\Files\Game Dev\Base-Build-Roguelike\BaseBuildRoguelike\Library\PackageCache\com.unity.visualscripting@1.6.1\Editor\VisualScripting.Core\Dependencies\YamlDotNet\Unity.VisualScripting.YamlDotNet.dll
Symbol file LoadedFromMemory doesn't match image D:\Files\Game Dev\Base-Build-Roguelike\BaseBuildRoguelike\Library\PackageCache\com.unity.visualscripting@1.6.1\Editor\VisualScripting.Core\Dependencies\DotNetZip\Unity.VisualScripting.IonicZip.dll
Native extension for LinuxStandalone target not found
Native extension for WindowsStandalone target not found
Native extension for OSXStandalone target not found
Native extension for WebGL target not found
Refreshing native plugins compatible for Editor in 1.04 ms, found 2 plugins.
Preloading 0 native plugins for Editor in 0.00 ms.
Mono: successfully reloaded assembly
- Completed reload, in  1.952 seconds
Platform modules already initialized, skipping
Shader 'Universal Render Pipeline/Particles/Lit': fallback shader 'Universal Render Pipeline/Particles/SimpleLit' not found
Refreshing native plugins compatible for Editor in 1.02 ms, found 2 plugins.
Preloading 0 native plugins for Editor in 0.00 ms.
Unloading 4484 Unused Serialized files (Serialized files now loaded: 0)
System memory in use before: 176.7 MB.
System memory in use after: 176.9 MB.

Unloading 16 unused Assets to reduce memory usage. Loaded Objects now: 5314.
Total: 3.947600 ms (FindLiveObjects: 0.415800 ms CreateObjectMapping: 0.209500 ms MarkObjects: 3.158100 ms  DeleteObjects: 0.162600 ms)

========================================================================
Received Prepare
Registering precompiled user dll's ...
Registered in 0.005674 seconds.
Begin MonoManager ReloadAssembly
Symbol file data-000001F7A0532050 doesn't match image D:\Files\Game Dev\Base-Build-Roguelike\BaseBuildRoguelike\Library\ScriptAssemblies\Unity.2D.Animation.Editor.dll
Symbol file LoadedFromMemory is not a mono symbol file
Symbol file data-000001F9567B7010 doesn't match image D:\Files\Game Dev\Base-Build-Roguelike\BaseBuildRoguelike\Library\ScriptAssemblies\Unity.2D.Animation.Runtime.dll
Symbol file LoadedFromMemory is not a mono symbol file
Symbol file data-000001F7A0D4E060 doesn't match image D:\Files\Game Dev\Base-Build-Roguelike\BaseBuildRoguelike\Library\ScriptAssemblies\Unity.2D.SpriteShape.Runtime.dll
Symbol file LoadedFromMemory is not a mono symbol file
Symbol file LoadedFromMemory doesn't match image D:\Files\Game Dev\Base-Build-Roguelike\BaseBuildRoguelike\Library\PackageCache\com.unity.visualscripting@1.6.1\Editor\VisualScripting.Core\Dependencies\YamlDotNet\Unity.VisualScripting.YamlDotNet.dll
Symbol file LoadedFromMemory doesn't match image D:\Files\Game Dev\Base-Build-Roguelike\BaseBuildRoguelike\Library\PackageCache\com.unity.visualscripting@1.6.1\Editor\VisualScripting.Core\Dependencies\DotNetZip\Unity.VisualScripting.IonicZip.dll
Native extension for LinuxStandalone target not found
Native extension for WindowsStandalone target not found
Native extension for OSXStandalone target not found
Native extension for WebGL target not found
Refreshing native plugins compatible for Editor in 1.06 ms, found 2 plugins.
Preloading 0 native plugins for Editor in 0.00 ms.
Mono: successfully reloaded assembly
- Completed reload, in  2.674 seconds
Platform modules already initialized, skipping
Shader 'Universal Render Pipeline/Particles/Lit': fallback shader 'Universal Render Pipeline/Particles/SimpleLit' not found
Refreshing native plugins compatible for Editor in 1.12 ms, found 2 plugins.
Preloading 0 native plugins for Editor in 0.00 ms.
Unloading 4484 Unused Serialized files (Serialized files now loaded: 0)
System memory in use before: 176.8 MB.
System memory in use after: 176.9 MB.

Unloading 16 unused Assets to reduce memory usage. Loaded Objects now: 5318.
Total: 3.948400 ms (FindLiveObjects: 0.434300 ms CreateObjectMapping: 0.226800 ms MarkObjects: 3.085300 ms  DeleteObjects: 0.199900 ms)

========================================================================
Received Prepare
Registering precompiled user dll's ...
Registered in 0.005881 seconds.
Begin MonoManager ReloadAssembly
Symbol file data-000001F97FD389D0 doesn't match image D:\Files\Game Dev\Base-Build-Roguelike\BaseBuildRoguelike\Library\ScriptAssemblies\Unity.2D.Animation.Editor.dll
Symbol file LoadedFromMemory is not a mono symbol file
Symbol file data-000001F9567B7010 doesn't match image D:\Files\Game Dev\Base-Build-Roguelike\BaseBuildRoguelike\Library\ScriptAssemblies\Unity.2D.Animation.Runtime.dll
Symbol file LoadedFromMemory is not a mono symbol file
Symbol file data-000001F95D46E010 doesn't match image D:\Files\Game Dev\Base-Build-Roguelike\BaseBuildRoguelike\Library\ScriptAssemblies\Unity.2D.SpriteShape.Runtime.dll
Symbol file LoadedFromMemory is not a mono symbol file
Symbol file LoadedFromMemory doesn't match image D:\Files\Game Dev\Base-Build-Roguelike\BaseBuildRoguelike\Library\PackageCache\com.unity.visualscripting@1.6.1\Editor\VisualScripting.Core\Dependencies\YamlDotNet\Unity.VisualScripting.YamlDotNet.dll
Symbol file LoadedFromMemory doesn't match image D:\Files\Game Dev\Base-Build-Roguelike\BaseBuildRoguelike\Library\PackageCache\com.unity.visualscripting@1.6.1\Editor\VisualScripting.Core\Dependencies\DotNetZip\Unity.VisualScripting.IonicZip.dll
Native extension for LinuxStandalone target not found
Native extension for WindowsStandalone target not found
Native extension for OSXStandalone target not found
Native extension for WebGL target not found
Refreshing native plugins compatible for Editor in 1.01 ms, found 2 plugins.
Preloading 0 native plugins for Editor in 0.00 ms.
Mono: successfully reloaded assembly
- Completed reload, in  1.822 seconds
Platform modules already initialized, skipping
Shader 'Universal Render Pipeline/Particles/Lit': fallback shader 'Universal Render Pipeline/Particles/SimpleLit' not found
Refreshing native plugins compatible for Editor in 1.02 ms, found 2 plugins.
Preloading 0 native plugins for Editor in 0.00 ms.
Unloading 4484 Unused Serialized files (Serialized files now loaded: 0)
System memory in use before: 176.8 MB.
System memory in use after: 176.9 MB.

Unloading 16 unused Assets to reduce memory usage. Loaded Objects now: 5322.
Total: 3.710000 ms (FindLiveObjects: 0.446300 ms CreateObjectMapping: 0.201400 ms MarkObjects: 2.921200 ms  DeleteObjects: 0.139700 ms)

========================================================================
Received Prepare
Registering precompiled user dll's ...
Registered in 0.017983 seconds.
Begin MonoManager ReloadAssembly
Symbol file data-000001F97FD389D0 doesn't match image D:\Files\Game Dev\Base-Build-Roguelike\BaseBuildRoguelike\Library\ScriptAssemblies\Unity.2D.Animation.Editor.dll
Symbol file LoadedFromMemory is not a mono symbol file
Symbol file data-000001F9567B7010 doesn't match image D:\Files\Game Dev\Base-Build-Roguelike\BaseBuildRoguelike\Library\ScriptAssemblies\Unity.2D.Animation.Runtime.dll
Symbol file LoadedFromMemory is not a mono symbol file
Symbol file data-000001F95D46E010 doesn't match image D:\Files\Game Dev\Base-Build-Roguelike\BaseBuildRoguelike\Library\ScriptAssemblies\Unity.2D.SpriteShape.Runtime.dll
Symbol file LoadedFromMemory is not a mono symbol file
Symbol file LoadedFromMemory doesn't match image D:\Files\Game Dev\Base-Build-Roguelike\BaseBuildRoguelike\Library\PackageCache\com.unity.visualscripting@1.6.1\Editor\VisualScripting.Core\Dependencies\YamlDotNet\Unity.VisualScripting.YamlDotNet.dll
Symbol file LoadedFromMemory doesn't match image D:\Files\Game Dev\Base-Build-Roguelike\BaseBuildRoguelike\Library\PackageCache\com.unity.visualscripting@1.6.1\Editor\VisualScripting.Core\Dependencies\DotNetZip\Unity.VisualScripting.IonicZip.dll
Native extension for LinuxStandalone target not found
Native extension for WindowsStandalone target not found
Native extension for OSXStandalone target not found
Native extension for WebGL target not found
Refreshing native plugins compatible for Editor in 1.07 ms, found 2 plugins.
Preloading 0 native plugins for Editor in 0.00 ms.
Mono: successfully reloaded assembly
- Completed reload, in  1.807 seconds
Platform modules already initialized, skipping
Shader 'Universal Render Pipeline/Particles/Lit': fallback shader 'Universal Render Pipeline/Particles/SimpleLit' not found
Refreshing native plugins compatible for Editor in 1.03 ms, found 2 plugins.
Preloading 0 native plugins for Editor in 0.00 ms.
Unloading 4484 Unused Serialized files (Serialized files now loaded: 0)
System memory in use before: 176.8 MB.
System memory in use after: 176.9 MB.

Unloading 16 unused Assets to reduce memory usage. Loaded Objects now: 5326.
Total: 4.694100 ms (FindLiveObjects: 0.416900 ms CreateObjectMapping: 0.200300 ms MarkObjects: 3.929300 ms  DeleteObjects: 0.145800 ms)

AssetImportWorkerClient::OnTransportError - code=2 error=End of file
